<?xml version="1.0" encoding="UTF-8"?>
<coverage generated="1682536939358" clover="3.2.0">
  <project timestamp="1682536939359" name="All files">
    <metrics statements="230" coveredstatements="210" conditionals="96" coveredconditionals="78" methods="68" coveredmethods="55" elements="394" coveredelements="343" complexity="0" loc="230" ncloc="230" packages="3" files="16" classes="16"/>
    <package name="constants">
      <metrics statements="8" coveredstatements="8" conditionals="5" coveredconditionals="5" methods="1" coveredmethods="1"/>
      <file name="routes.js" path="C:\Users\lucas\Desktop\Projets_OC\P9-Changement\Billed-app-FR-Front\src\constants\routes.js">
        <metrics statements="8" coveredstatements="8" conditionals="5" coveredconditionals="5" methods="1" coveredmethods="1"/>
        <line num="6" count="6" type="stmt"/>
        <line num="13" count="6" type="stmt"/>
        <line num="14" count="37" type="cond" truecount="5" falsecount="0"/>
        <line num="16" count="10" type="stmt"/>
        <line num="18" count="10" type="stmt"/>
        <line num="20" count="4" type="stmt"/>
        <line num="22" count="12" type="stmt"/>
        <line num="24" count="1" type="stmt"/>
      </file>
      <file name="usersTest.js" path="C:\Users\lucas\Desktop\Projets_OC\P9-Changement\Billed-app-FR-Front\src\constants\usersTest.js">
        <metrics statements="0" coveredstatements="0" conditionals="0" coveredconditionals="0" methods="0" coveredmethods="0"/>
      </file>
    </package>
    <package name="containers">
      <metrics statements="194" coveredstatements="174" conditionals="61" coveredconditionals="43" methods="53" coveredmethods="40"/>
      <file name="Bills.js" path="C:\Users\lucas\Desktop\Projets_OC\P9-Changement\Billed-app-FR-Front\src\containers\Bills.js">
        <metrics statements="26" coveredstatements="24" conditionals="6" coveredconditionals="4" methods="8" coveredmethods="8"/>
        <line num="9" count="11" type="stmt"/>
        <line num="10" count="11" type="stmt"/>
        <line num="11" count="11" type="stmt"/>
        <line num="12" count="11" type="stmt"/>
        <line num="13" count="11" type="cond" truecount="2" falsecount="0"/>
        <line num="14" count="11" type="stmt"/>
        <line num="15" count="11" type="cond" truecount="1" falsecount="1"/>
        <line num="16" count="48" type="stmt"/>
        <line num="18" count="11" type="stmt"/>
        <line num="22" count="11" type="stmt"/>
        <line num="23" count="3" type="stmt"/>
        <line num="27" count="11" type="stmt"/>
        <line num="28" count="1" type="stmt"/>
        <line num="29" count="1" type="stmt"/>
        <line num="30" count="1" type="stmt"/>
        <line num="31" count="1" type="stmt"/>
        <line num="35" count="11" type="stmt"/>
        <line num="36" count="5" type="cond" truecount="1" falsecount="1"/>
        <line num="37" count="5" type="stmt"/>
        <line num="41" count="3" type="stmt"/>
        <line num="43" count="12" type="stmt"/>
        <line num="44" count="12" type="stmt"/>
        <line num="52" count="0" type="stmt"/>
        <line num="53" count="0" type="stmt"/>
        <line num="61" count="3" type="stmt"/>
        <line num="62" count="3" type="stmt"/>
      </file>
      <file name="Dashboard.js" path="C:\Users\lucas\Desktop\Projets_OC\P9-Changement\Billed-app-FR-Front\src\containers\Dashboard.js">
        <metrics statements="74" coveredstatements="69" conditionals="43" coveredconditionals="33" methods="24" coveredmethods="19"/>
        <line num="10" count="6" type="stmt"/>
        <line num="11" count="49" type="cond" truecount="4" falsecount="0"/>
        <line num="16" count="124" type="cond" truecount="1" falsecount="1"/>
        <line num="17" count="124" type="stmt"/>
        <line num="22" count="0" type="stmt"/>
        <line num="23" count="0" type="stmt"/>
        <line num="28" count="124" type="stmt"/>
        <line num="33" count="6" type="stmt"/>
        <line num="34" count="6" type="stmt"/>
        <line num="35" count="6" type="cond" truecount="1" falsecount="1"/>
        <line num="37" count="6" type="cond" truecount="1" falsecount="1"/>
        <line num="40" count="6" type="stmt"/>
        <line num="59" count="6" type="stmt"/>
        <line num="60" count="6" type="cond" truecount="4" falsecount="0"/>
        <line num="64" count="6" type="stmt"/>
        <line num="65" count="10" type="cond" truecount="3" falsecount="0"/>
        <line num="67" count="6" type="stmt"/>
        <line num="69" count="2" type="stmt"/>
        <line num="71" count="2" type="stmt"/>
        <line num="78" count="14" type="stmt"/>
        <line num="79" count="14" type="stmt"/>
        <line num="80" count="14" type="stmt"/>
        <line num="82" count="14" type="stmt"/>
        <line num="83" count="14" type="stmt"/>
        <line num="84" count="14" type="stmt"/>
        <line num="86" count="14" type="stmt"/>
        <line num="90" count="14" type="stmt"/>
        <line num="91" count="1" type="stmt"/>
        <line num="92" count="1" type="stmt"/>
        <line num="95" count="1" type="stmt"/>
        <line num="96" count="1" type="cond" truecount="1" falsecount="1"/>
        <line num="101" count="3" type="cond" truecount="4" falsecount="0"/>
        <line num="102" count="3" type="cond" truecount="4" falsecount="0"/>
        <line num="103" count="3" type="cond" truecount="2" falsecount="0"/>
        <line num="104" count="2" type="stmt"/>
        <line num="105" count="8" type="stmt"/>
        <line num="107" count="2" type="stmt"/>
        <line num="108" count="2" type="stmt"/>
        <line num="109" count="2" type="stmt"/>
        <line num="110" count="2" type="stmt"/>
        <line num="112" count="1" type="stmt"/>
        <line num="114" count="1" type="stmt"/>
        <line num="117" count="1" type="stmt"/>
        <line num="118" count="1" type="stmt"/>
        <line num="120" count="3" type="stmt"/>
        <line num="121" count="3" type="stmt"/>
        <line num="122" count="3" type="stmt"/>
        <line num="126" count="14" type="stmt"/>
        <line num="127" count="1" type="stmt"/>
        <line num="132" count="1" type="stmt"/>
        <line num="133" count="1" type="stmt"/>
        <line num="137" count="14" type="stmt"/>
        <line num="138" count="1" type="stmt"/>
        <line num="143" count="1" type="stmt"/>
        <line num="144" count="1" type="stmt"/>
        <line num="149" count="5" type="cond" truecount="3" falsecount="1"/>
        <line num="150" count="5" type="cond" truecount="3" falsecount="1"/>
        <line num="152" count="5" type="cond" truecount="1" falsecount="1"/>
        <line num="153" count="5" type="stmt"/>
        <line num="154" count="5" type="stmt"/>
        <line num="156" count="5" type="stmt"/>
        <line num="159" count="0" type="stmt"/>
        <line num="160" count="0" type="stmt"/>
        <line num="162" count="0" type="stmt"/>
        <line num="166" count="5" type="stmt"/>
        <line num="168" count="6" type="stmt"/>
        <line num="171" count="5" type="stmt"/>
        <line num="175" count="14" type="stmt"/>
        <line num="176" count="5" type="cond" truecount="1" falsecount="1"/>
        <line num="177" count="5" type="stmt"/>
        <line num="181" count="3" type="stmt"/>
        <line num="182" count="12" type="stmt"/>
        <line num="188" count="3" type="stmt"/>
        <line num="191" count="2" type="stmt"/>
      </file>
      <file name="Login.js" path="C:\Users\lucas\Desktop\Projets_OC\P9-Changement\Billed-app-FR-Front\src\containers\Login.js">
        <metrics statements="41" coveredstatements="30" conditionals="4" coveredconditionals="0" methods="11" coveredmethods="5"/>
        <line num="3" count="4" type="stmt"/>
        <line num="8" count="5" type="stmt"/>
        <line num="9" count="5" type="stmt"/>
        <line num="10" count="5" type="stmt"/>
        <line num="11" count="5" type="stmt"/>
        <line num="12" count="5" type="stmt"/>
        <line num="13" count="5" type="stmt"/>
        <line num="14" count="5" type="stmt"/>
        <line num="15" count="5" type="stmt"/>
        <line num="16" count="5" type="stmt"/>
        <line num="18" count="5" type="stmt"/>
        <line num="19" count="2" type="stmt"/>
        <line num="20" count="2" type="stmt"/>
        <line num="26" count="2" type="stmt"/>
        <line num="27" count="2" type="stmt"/>
        <line num="29" count="0" type="stmt"/>
        <line num="32" count="2" type="stmt"/>
        <line num="33" count="2" type="stmt"/>
        <line num="34" count="2" type="stmt"/>
        <line num="35" count="2" type="stmt"/>
        <line num="40" count="5" type="stmt"/>
        <line num="41" count="2" type="stmt"/>
        <line num="42" count="2" type="stmt"/>
        <line num="50" count="2" type="stmt"/>
        <line num="51" count="2" type="stmt"/>
        <line num="53" count="0" type="stmt"/>
        <line num="56" count="2" type="stmt"/>
        <line num="57" count="2" type="stmt"/>
        <line num="58" count="2" type="stmt"/>
        <line num="59" count="2" type="stmt"/>
        <line num="64" count="5" type="stmt"/>
        <line num="65" count="0" type="cond" truecount="0" falsecount="2"/>
        <line num="66" count="0" type="stmt"/>
        <line num="71" count="0" type="stmt"/>
        <line num="74" count="0" type="stmt"/>
        <line num="79" count="5" type="stmt"/>
        <line num="80" count="0" type="cond" truecount="0" falsecount="2"/>
        <line num="81" count="0" type="stmt"/>
        <line num="90" count="0" type="stmt"/>
        <line num="91" count="0" type="stmt"/>
        <line num="94" count="0" type="stmt"/>
      </file>
      <file name="Logout.js" path="C:\Users\lucas\Desktop\Projets_OC\P9-Changement\Billed-app-FR-Front\src\containers\Logout.js">
        <metrics statements="7" coveredstatements="7" conditionals="0" coveredconditionals="0" methods="2" coveredmethods="2"/>
        <line num="5" count="29" type="stmt"/>
        <line num="6" count="29" type="stmt"/>
        <line num="7" count="29" type="stmt"/>
        <line num="8" count="29" type="stmt"/>
        <line num="11" count="29" type="stmt"/>
        <line num="12" count="2" type="stmt"/>
        <line num="13" count="2" type="stmt"/>
      </file>
      <file name="NewBill.js" path="C:\Users\lucas\Desktop\Projets_OC\P9-Changement\Billed-app-FR-Front\src\containers\NewBill.js">
        <metrics statements="46" coveredstatements="44" conditionals="8" coveredconditionals="6" methods="8" coveredmethods="6"/>
        <line num="6" count="3" type="stmt"/>
        <line num="7" count="3" type="stmt"/>
        <line num="8" count="3" type="stmt"/>
        <line num="9" count="3" type="stmt"/>
        <line num="10" count="3" type="stmt"/>
        <line num="11" count="3" type="stmt"/>
        <line num="12" count="3" type="stmt"/>
        <line num="13" count="3" type="stmt"/>
        <line num="14" count="3" type="stmt"/>
        <line num="15" count="3" type="stmt"/>
        <line num="16" count="3" type="stmt"/>
        <line num="19" count="3" type="stmt"/>
        <line num="20" count="7" type="stmt"/>
        <line num="22" count="7" type="stmt"/>
        <line num="23" count="7" type="stmt"/>
        <line num="24" count="7" type="stmt"/>
        <line num="25" count="7" type="stmt"/>
        <line num="27" count="7" type="stmt"/>
        <line num="29" count="7" type="stmt"/>
        <line num="30" count="7" type="stmt"/>
        <line num="33" count="7" type="cond" truecount="2" falsecount="0"/>
        <line num="35" count="4" type="cond" truecount="2" falsecount="0"/>
        <line num="36" count="1" type="stmt"/>
        <line num="39" count="4" type="stmt"/>
        <line num="40" count="4" type="stmt"/>
        <line num="42" count="4" type="stmt"/>
        <line num="51" count="4" type="stmt"/>
        <line num="52" count="4" type="stmt"/>
        <line num="53" count="4" type="stmt"/>
        <line num="54" count="4" type="stmt"/>
        <line num="55" count="0" type="stmt"/>
        <line num="58" count="3" type="stmt"/>
        <line num="59" count="3" type="stmt"/>
        <line num="60" count="3" type="stmt"/>
        <line num="63" count="3" type="stmt"/>
        <line num="64" count="2" type="stmt"/>
        <line num="65" count="2" type="stmt"/>
        <line num="66" count="2" type="stmt"/>
        <line num="68" count="2" type="stmt"/>
        <line num="81" count="2" type="stmt"/>
        <line num="82" count="2" type="stmt"/>
        <line num="86" count="3" type="stmt"/>
        <line num="87" count="2" type="cond" truecount="1" falsecount="1"/>
        <line num="88" count="2" type="stmt"/>
        <line num="92" count="2" type="stmt"/>
        <line num="94" count="0" type="stmt"/>
      </file>
    </package>
    <package name="views">
      <metrics statements="28" coveredstatements="28" conditionals="30" coveredconditionals="30" methods="14" coveredmethods="14"/>
      <file name="Actions.js" path="C:\Users\lucas\Desktop\Projets_OC\P9-Changement\Billed-app-FR-Front\src\views\Actions.js">
        <metrics statements="1" coveredstatements="1" conditionals="0" coveredconditionals="0" methods="1" coveredmethods="1"/>
        <line num="5" count="26" type="stmt"/>
      </file>
      <file name="BillsUI.js" path="C:\Users\lucas\Desktop\Projets_OC\P9-Changement\Billed-app-FR-Front\src\views\BillsUI.js">
        <metrics statements="10" coveredstatements="10" conditionals="8" coveredconditionals="8" methods="5" coveredmethods="5"/>
        <line num="7" count="6" type="stmt"/>
        <line num="8" count="24" type="stmt"/>
        <line num="22" count="6" type="stmt"/>
        <line num="23" count="24" type="cond" truecount="4" falsecount="0"/>
        <line num="28" count="18" type="stmt"/>
        <line num="45" count="18" type="cond" truecount="2" falsecount="0"/>
        <line num="46" count="6" type="stmt"/>
        <line num="47" count="12" type="cond" truecount="2" falsecount="0"/>
        <line num="48" count="3" type="stmt"/>
        <line num="51" count="9" type="stmt"/>
      </file>
      <file name="DashboardFormUI.js" path="C:\Users\lucas\Desktop\Projets_OC\P9-Changement\Billed-app-FR-Front\src\views\DashboardFormUI.js">
        <metrics statements="2" coveredstatements="2" conditionals="4" coveredconditionals="4" methods="2" coveredmethods="2"/>
        <line num="7" count="9" type="stmt"/>
        <line num="26" count="9" type="stmt"/>
      </file>
      <file name="DashboardUI.js" path="C:\Users\lucas\Desktop\Projets_OC\P9-Changement\Billed-app-FR-Front\src\views\DashboardUI.js">
        <metrics statements="5" coveredstatements="5" conditionals="10" coveredconditionals="10" methods="1" coveredmethods="1"/>
        <line num="10" count="21" type="cond" truecount="2" falsecount="0"/>
        <line num="11" count="6" type="stmt"/>
        <line num="12" count="15" type="cond" truecount="2" falsecount="0"/>
        <line num="13" count="3" type="stmt"/>
        <line num="16" count="12" type="stmt"/>
      </file>
      <file name="ErrorPage.js" path="C:\Users\lucas\Desktop\Projets_OC\P9-Changement\Billed-app-FR-Front\src\views\ErrorPage.js">
        <metrics statements="1" coveredstatements="1" conditionals="2" coveredconditionals="2" methods="1" coveredmethods="1"/>
        <line num="4" count="8" type="stmt"/>
      </file>
      <file name="LoadingPage.js" path="C:\Users\lucas\Desktop\Projets_OC\P9-Changement\Billed-app-FR-Front\src\views\LoadingPage.js">
        <metrics statements="1" coveredstatements="1" conditionals="0" coveredconditionals="0" methods="1" coveredmethods="1"/>
        <line num="5" count="13" type="stmt"/>
      </file>
      <file name="LoginUI.js" path="C:\Users\lucas\Desktop\Projets_OC\P9-Changement\Billed-app-FR-Front\src\views\LoginUI.js">
        <metrics statements="1" coveredstatements="1" conditionals="0" coveredconditionals="0" methods="1" coveredmethods="1"/>
        <line num="4" count="17" type="stmt"/>
      </file>
      <file name="NewBillUI.js" path="C:\Users\lucas\Desktop\Projets_OC\P9-Changement\Billed-app-FR-Front\src\views\NewBillUI.js">
        <metrics statements="1" coveredstatements="1" conditionals="0" coveredconditionals="0" methods="1" coveredmethods="1"/>
        <line num="5" count="6" type="stmt"/>
      </file>
      <file name="VerticalLayout.js" path="C:\Users\lucas\Desktop\Projets_OC\P9-Changement\Billed-app-FR-Front\src\views\VerticalLayout.js">
        <metrics statements="6" coveredstatements="6" conditionals="6" coveredconditionals="6" methods="1" coveredmethods="1"/>
        <line num="7" count="49" type="stmt"/>
        <line num="8" count="49" type="cond" truecount="2" falsecount="0"/>
        <line num="9" count="36" type="stmt"/>
        <line num="11" count="49" type="cond" truecount="4" falsecount="0"/>
        <line num="12" count="20" type="stmt"/>
        <line num="29" count="29" type="stmt"/>
      </file>
    </package>
  </project>
</coverage>
