{"C:\\Users\\lucas\\Desktop\\Projets_OC\\P9-Changement\\Billed-app-FR-Front\\src\\constants\\routes.js": {"path":"C:\\Users\\lucas\\Desktop\\Projets_OC\\P9-Changement\\Billed-app-FR-Front\\src\\constants\\routes.js","statementMap":{"0":{"start":{"line":6,"column":27},"end":{"line":11,"column":1}},"1":{"start":{"line":13,"column":22},"end":{"line":26,"column":1}},"2":{"start":{"line":14,"column":2},"end":{"line":25,"column":3}},"3":{"start":{"line":16,"column":6},"end":{"line":16,"column":46}},"4":{"start":{"line":18,"column":6},"end":{"line":18,"column":46}},"5":{"start":{"line":20,"column":6},"end":{"line":20,"column":24}},"6":{"start":{"line":22,"column":6},"end":{"line":22,"column":50}},"7":{"start":{"line":24,"column":6},"end":{"line":24,"column":46}}},"fnMap":{"0":{"name":"(anonymous_0)","decl":{"start":{"line":13,"column":22},"end":{"line":13,"column":23}},"loc":{"start":{"line":13,"column":62},"end":{"line":26,"column":1}},"line":13}},"branchMap":{"0":{"loc":{"start":{"line":14,"column":2},"end":{"line":25,"column":3}},"type":"switch","locations":[{"start":{"line":15,"column":4},"end":{"line":16,"column":46}},{"start":{"line":17,"column":4},"end":{"line":18,"column":46}},{"start":{"line":19,"column":4},"end":{"line":20,"column":24}},{"start":{"line":21,"column":4},"end":{"line":22,"column":50}},{"start":{"line":23,"column":4},"end":{"line":24,"column":46}}],"line":14}},"s":{"0":6,"1":6,"2":26,"3":7,"4":5,"5":1,"6":12,"7":1},"f":{"0":26},"b":{"0":[7,5,1,12,1]},"_coverageSchema":"1a1c01bbd47fc00a2c39e90264f33305004495a9","hash":"6447b4309b6710a6ec4d707210104b1141361697"}
,"C:\\Users\\lucas\\Desktop\\Projets_OC\\P9-Changement\\Billed-app-FR-Front\\src\\constants\\usersTest.js": {"path":"C:\\Users\\lucas\\Desktop\\Projets_OC\\P9-Changement\\Billed-app-FR-Front\\src\\constants\\usersTest.js","statementMap":{},"fnMap":{},"branchMap":{},"s":{},"f":{},"b":{},"_coverageSchema":"1a1c01bbd47fc00a2c39e90264f33305004495a9","hash":"400ed33fef869bbd4416b65cc3bdea5a305c6e5a"}
,"C:\\Users\\lucas\\Desktop\\Projets_OC\\P9-Changement\\Billed-app-FR-Front\\src\\containers\\Bills.js": {"path":"C:\\Users\\lucas\\Desktop\\Projets_OC\\P9-Changement\\Billed-app-FR-Front\\src\\containers\\Bills.js","statementMap":{"0":{"start":{"line":9,"column":4},"end":{"line":9,"column":28}},"1":{"start":{"line":10,"column":4},"end":{"line":10,"column":32}},"2":{"start":{"line":11,"column":4},"end":{"line":11,"column":22}},"3":{"start":{"line":12,"column":26},"end":{"line":12,"column":86}},"4":{"start":{"line":13,"column":4},"end":{"line":13,"column":87}},"5":{"start":{"line":13,"column":23},"end":{"line":13,"column":87}},"6":{"start":{"line":14,"column":20},"end":{"line":14,"column":76}},"7":{"start":{"line":15,"column":4},"end":{"line":17,"column":6}},"8":{"start":{"line":15,"column":17},"end":{"line":17,"column":6}},"9":{"start":{"line":16,"column":6},"end":{"line":16,"column":73}},"10":{"start":{"line":16,"column":43},"end":{"line":16,"column":72}},"11":{"start":{"line":18,"column":4},"end":{"line":18,"column":54}},"12":{"start":{"line":22,"column":23},"end":{"line":24,"column":3}},"13":{"start":{"line":23,"column":4},"end":{"line":23,"column":43}},"14":{"start":{"line":27,"column":23},"end":{"line":32,"column":3}},"15":{"start":{"line":28,"column":20},"end":{"line":28,"column":54}},"16":{"start":{"line":29,"column":21},"end":{"line":29,"column":63}},"17":{"start":{"line":30,"column":4},"end":{"line":30,"column":168}},"18":{"start":{"line":31,"column":4},"end":{"line":31,"column":34}},"19":{"start":{"line":35,"column":13},"end":{"line":65,"column":3}},"20":{"start":{"line":36,"column":4},"end":{"line":64,"column":5}},"21":{"start":{"line":37,"column":6},"end":{"line":63,"column":8}},"22":{"start":{"line":41,"column":22},"end":{"line":60,"column":62}},"23":{"start":{"line":43,"column":10},"end":{"line":58,"column":13}},"24":{"start":{"line":44,"column":12},"end":{"line":48,"column":15}},"25":{"start":{"line":52,"column":14},"end":{"line":52,"column":38}},"26":{"start":{"line":53,"column":14},"end":{"line":57,"column":15}},"27":{"start":{"line":60,"column":26},"end":{"line":60,"column":61}},"28":{"start":{"line":61,"column":10},"end":{"line":61,"column":45}},"29":{"start":{"line":62,"column":8},"end":{"line":62,"column":20}}},"fnMap":{"0":{"name":"(anonymous_0)","decl":{"start":{"line":8,"column":2},"end":{"line":8,"column":3}},"loc":{"start":{"line":8,"column":61},"end":{"line":19,"column":3}},"line":8},"1":{"name":"(anonymous_1)","decl":{"start":{"line":15,"column":33},"end":{"line":15,"column":34}},"loc":{"start":{"line":15,"column":41},"end":{"line":17,"column":5}},"line":15},"2":{"name":"(anonymous_2)","decl":{"start":{"line":16,"column":37},"end":{"line":16,"column":38}},"loc":{"start":{"line":16,"column":43},"end":{"line":16,"column":72}},"line":16},"3":{"name":"(anonymous_3)","decl":{"start":{"line":22,"column":23},"end":{"line":22,"column":24}},"loc":{"start":{"line":22,"column":29},"end":{"line":24,"column":3}},"line":22},"4":{"name":"(anonymous_4)","decl":{"start":{"line":27,"column":23},"end":{"line":27,"column":24}},"loc":{"start":{"line":27,"column":33},"end":{"line":32,"column":3}},"line":27},"5":{"name":"(anonymous_5)","decl":{"start":{"line":35,"column":13},"end":{"line":35,"column":14}},"loc":{"start":{"line":35,"column":19},"end":{"line":65,"column":3}},"line":35},"6":{"name":"(anonymous_6)","decl":{"start":{"line":40,"column":12},"end":{"line":40,"column":13}},"loc":{"start":{"line":40,"column":24},"end":{"line":63,"column":7}},"line":40},"7":{"name":"(anonymous_7)","decl":{"start":{"line":42,"column":13},"end":{"line":42,"column":14}},"loc":{"start":{"line":42,"column":20},"end":{"line":59,"column":11}},"line":42},"8":{"name":"(anonymous_8)","decl":{"start":{"line":60,"column":16},"end":{"line":60,"column":17}},"loc":{"start":{"line":60,"column":26},"end":{"line":60,"column":61}},"line":60}},"branchMap":{"0":{"loc":{"start":{"line":13,"column":4},"end":{"line":13,"column":87}},"type":"if","locations":[{"start":{"line":13,"column":4},"end":{"line":13,"column":87}},{"start":{"line":13,"column":4},"end":{"line":13,"column":87}}],"line":13},"1":{"loc":{"start":{"line":15,"column":4},"end":{"line":17,"column":6}},"type":"if","locations":[{"start":{"line":15,"column":4},"end":{"line":17,"column":6}},{"start":{"line":15,"column":4},"end":{"line":17,"column":6}}],"line":15},"2":{"loc":{"start":{"line":36,"column":4},"end":{"line":64,"column":5}},"type":"if","locations":[{"start":{"line":36,"column":4},"end":{"line":64,"column":5}},{"start":{"line":36,"column":4},"end":{"line":64,"column":5}}],"line":36}},"s":{"0":4,"1":4,"2":4,"3":4,"4":4,"5":1,"6":4,"7":4,"8":4,"9":6,"10":1,"11":4,"12":4,"13":1,"14":4,"15":0,"16":0,"17":0,"18":0,"19":4,"20":2,"21":2,"22":1,"23":3,"24":3,"25":0,"26":0,"27":2,"28":1,"29":1},"f":{"0":4,"1":6,"2":1,"3":1,"4":0,"5":2,"6":1,"7":3,"8":2},"b":{"0":[1,3],"1":[4,0],"2":[2,0]},"_coverageSchema":"1a1c01bbd47fc00a2c39e90264f33305004495a9","hash":"4d6c86afd5879e26776f9e7c7aad0ca9d7dfed80"}
,"C:\\Users\\lucas\\Desktop\\Projets_OC\\P9-Changement\\Billed-app-FR-Front\\src\\containers\\Dashboard.js": {"path":"C:\\Users\\lucas\\Desktop\\Projets_OC\\P9-Changement\\Billed-app-FR-Front\\src\\containers\\Dashboard.js","statementMap":{"0":{"start":{"line":10,"column":29},"end":{"line":30,"column":1}},"1":{"start":{"line":11,"column":2},"end":{"line":29,"column":11}},"2":{"start":{"line":16,"column":6},"end":{"line":26,"column":7}},"3":{"start":{"line":17,"column":8},"end":{"line":17,"column":50}},"4":{"start":{"line":28,"column":6},"end":{"line":28,"column":28}},"5":{"start":{"line":33,"column":20},"end":{"line":56,"column":1}},"6":{"start":{"line":34,"column":28},"end":{"line":34,"column":52}},"7":{"start":{"line":35,"column":20},"end":{"line":36,"column":40}},"8":{"start":{"line":37,"column":19},"end":{"line":38,"column":53}},"9":{"start":{"line":40,"column":2},"end":{"line":55,"column":4}},"10":{"start":{"line":59,"column":21},"end":{"line":61,"column":1}},"11":{"start":{"line":60,"column":2},"end":{"line":60,"column":76}},"12":{"start":{"line":60,"column":51},"end":{"line":60,"column":61}},"13":{"start":{"line":64,"column":25},"end":{"line":73,"column":1}},"14":{"start":{"line":65,"column":2},"end":{"line":72,"column":3}},"15":{"start":{"line":67,"column":6},"end":{"line":67,"column":22}},"16":{"start":{"line":69,"column":6},"end":{"line":69,"column":23}},"17":{"start":{"line":71,"column":6},"end":{"line":71,"column":22}},"18":{"start":{"line":78,"column":4},"end":{"line":78,"column":28}},"19":{"start":{"line":79,"column":4},"end":{"line":79,"column":32}},"20":{"start":{"line":80,"column":4},"end":{"line":80,"column":22}},"21":{"start":{"line":82,"column":4},"end":{"line":82,"column":71}},"22":{"start":{"line":82,"column":35},"end":{"line":82,"column":70}},"23":{"start":{"line":83,"column":4},"end":{"line":83,"column":71}},"24":{"start":{"line":83,"column":35},"end":{"line":83,"column":70}},"25":{"start":{"line":84,"column":4},"end":{"line":84,"column":71}},"26":{"start":{"line":84,"column":35},"end":{"line":84,"column":70}},"27":{"start":{"line":86,"column":4},"end":{"line":86,"column":44}},"28":{"start":{"line":90,"column":23},"end":{"line":95,"column":3}},"29":{"start":{"line":91,"column":20},"end":{"line":91,"column":58}},"30":{"start":{"line":92,"column":21},"end":{"line":92,"column":69}},"31":{"start":{"line":93,"column":4},"end":{"line":93,"column":144}},"32":{"start":{"line":94,"column":4},"end":{"line":94,"column":96}},"33":{"start":{"line":94,"column":60},"end":{"line":94,"column":96}},"34":{"start":{"line":99,"column":4},"end":{"line":99,"column":75}},"35":{"start":{"line":99,"column":59},"end":{"line":99,"column":75}},"36":{"start":{"line":100,"column":4},"end":{"line":100,"column":71}},"37":{"start":{"line":100,"column":54},"end":{"line":100,"column":71}},"38":{"start":{"line":101,"column":4},"end":{"line":117,"column":5}},"39":{"start":{"line":102,"column":6},"end":{"line":104,"column":8}},"40":{"start":{"line":103,"column":8},"end":{"line":103,"column":61}},"41":{"start":{"line":105,"column":6},"end":{"line":105,"column":62}},"42":{"start":{"line":106,"column":6},"end":{"line":106,"column":69}},"43":{"start":{"line":107,"column":6},"end":{"line":107,"column":52}},"44":{"start":{"line":108,"column":6},"end":{"line":108,"column":21}},"45":{"start":{"line":110,"column":6},"end":{"line":110,"column":62}},"46":{"start":{"line":112,"column":6},"end":{"line":114,"column":8}},"47":{"start":{"line":115,"column":6},"end":{"line":115,"column":52}},"48":{"start":{"line":116,"column":6},"end":{"line":116,"column":21}},"49":{"start":{"line":118,"column":4},"end":{"line":118,"column":51}},"50":{"start":{"line":119,"column":4},"end":{"line":119,"column":72}},"51":{"start":{"line":119,"column":39},"end":{"line":119,"column":71}},"52":{"start":{"line":120,"column":4},"end":{"line":120,"column":72}},"53":{"start":{"line":120,"column":39},"end":{"line":120,"column":71}},"54":{"start":{"line":124,"column":23},"end":{"line":132,"column":3}},"55":{"start":{"line":125,"column":20},"end":{"line":129,"column":5}},"56":{"start":{"line":130,"column":4},"end":{"line":130,"column":28}},"57":{"start":{"line":131,"column":4},"end":{"line":131,"column":45}},"58":{"start":{"line":135,"column":23},"end":{"line":143,"column":3}},"59":{"start":{"line":136,"column":20},"end":{"line":140,"column":5}},"60":{"start":{"line":141,"column":4},"end":{"line":141,"column":28}},"61":{"start":{"line":142,"column":4},"end":{"line":142,"column":45}},"62":{"start":{"line":170,"column":4},"end":{"line":170,"column":52}},"63":{"start":{"line":170,"column":29},"end":{"line":170,"column":52}},"64":{"start":{"line":172,"column":4},"end":{"line":182,"column":5}},"65":{"start":{"line":173,"column":6},"end":{"line":173,"column":65}},"66":{"start":{"line":174,"column":6},"end":{"line":175,"column":60}},"67":{"start":{"line":176,"column":6},"end":{"line":176,"column":38}},"68":{"start":{"line":178,"column":6},"end":{"line":178,"column":66}},"69":{"start":{"line":179,"column":6},"end":{"line":180,"column":17}},"70":{"start":{"line":181,"column":6},"end":{"line":181,"column":39}},"71":{"start":{"line":184,"column":4},"end":{"line":187,"column":6}},"72":{"start":{"line":185,"column":6},"end":{"line":185,"column":44}},"73":{"start":{"line":186,"column":6},"end":{"line":186,"column":89}},"74":{"start":{"line":186,"column":51},"end":{"line":186,"column":88}},"75":{"start":{"line":189,"column":4},"end":{"line":189,"column":16}},"76":{"start":{"line":193,"column":21},"end":{"line":212,"column":3}},"77":{"start":{"line":194,"column":4},"end":{"line":211,"column":5}},"78":{"start":{"line":195,"column":6},"end":{"line":210,"column":8}},"79":{"start":{"line":199,"column":22},"end":{"line":205,"column":11}},"80":{"start":{"line":200,"column":21},"end":{"line":205,"column":9}},"81":{"start":{"line":206,"column":8},"end":{"line":206,"column":20}},"82":{"start":{"line":209,"column":8},"end":{"line":209,"column":20}}},"fnMap":{"0":{"name":"(anonymous_0)","decl":{"start":{"line":10,"column":29},"end":{"line":10,"column":30}},"loc":{"start":{"line":10,"column":47},"end":{"line":30,"column":1}},"line":10},"1":{"name":"(anonymous_1)","decl":{"start":{"line":12,"column":16},"end":{"line":12,"column":17}},"loc":{"start":{"line":12,"column":24},"end":{"line":29,"column":5}},"line":12},"2":{"name":"(anonymous_2)","decl":{"start":{"line":33,"column":20},"end":{"line":33,"column":21}},"loc":{"start":{"line":33,"column":30},"end":{"line":56,"column":1}},"line":33},"3":{"name":"(anonymous_3)","decl":{"start":{"line":59,"column":21},"end":{"line":59,"column":22}},"loc":{"start":{"line":59,"column":32},"end":{"line":61,"column":1}},"line":59},"4":{"name":"(anonymous_4)","decl":{"start":{"line":60,"column":43},"end":{"line":60,"column":44}},"loc":{"start":{"line":60,"column":51},"end":{"line":60,"column":61}},"line":60},"5":{"name":"(anonymous_5)","decl":{"start":{"line":64,"column":25},"end":{"line":64,"column":26}},"loc":{"start":{"line":64,"column":36},"end":{"line":73,"column":1}},"line":64},"6":{"name":"(anonymous_6)","decl":{"start":{"line":77,"column":2},"end":{"line":77,"column":3}},"loc":{"start":{"line":77,"column":68},"end":{"line":87,"column":3}},"line":77},"7":{"name":"(anonymous_7)","decl":{"start":{"line":82,"column":28},"end":{"line":82,"column":29}},"loc":{"start":{"line":82,"column":35},"end":{"line":82,"column":70}},"line":82},"8":{"name":"(anonymous_8)","decl":{"start":{"line":83,"column":28},"end":{"line":83,"column":29}},"loc":{"start":{"line":83,"column":35},"end":{"line":83,"column":70}},"line":83},"9":{"name":"(anonymous_9)","decl":{"start":{"line":84,"column":28},"end":{"line":84,"column":29}},"loc":{"start":{"line":84,"column":35},"end":{"line":84,"column":70}},"line":84},"10":{"name":"(anonymous_10)","decl":{"start":{"line":90,"column":23},"end":{"line":90,"column":24}},"loc":{"start":{"line":90,"column":29},"end":{"line":95,"column":3}},"line":90},"11":{"name":"(anonymous_11)","decl":{"start":{"line":98,"column":2},"end":{"line":98,"column":3}},"loc":{"start":{"line":98,"column":35},"end":{"line":121,"column":3}},"line":98},"12":{"name":"(anonymous_12)","decl":{"start":{"line":102,"column":20},"end":{"line":102,"column":21}},"loc":{"start":{"line":102,"column":25},"end":{"line":104,"column":7}},"line":102},"13":{"name":"(anonymous_13)","decl":{"start":{"line":119,"column":32},"end":{"line":119,"column":33}},"loc":{"start":{"line":119,"column":39},"end":{"line":119,"column":71}},"line":119},"14":{"name":"(anonymous_14)","decl":{"start":{"line":120,"column":32},"end":{"line":120,"column":33}},"loc":{"start":{"line":120,"column":39},"end":{"line":120,"column":71}},"line":120},"15":{"name":"(anonymous_15)","decl":{"start":{"line":124,"column":23},"end":{"line":124,"column":24}},"loc":{"start":{"line":124,"column":36},"end":{"line":132,"column":3}},"line":124},"16":{"name":"(anonymous_16)","decl":{"start":{"line":135,"column":23},"end":{"line":135,"column":24}},"loc":{"start":{"line":135,"column":36},"end":{"line":143,"column":3}},"line":135},"17":{"name":"(anonymous_17)","decl":{"start":{"line":169,"column":2},"end":{"line":169,"column":3}},"loc":{"start":{"line":169,"column":37},"end":{"line":190,"column":3}},"line":169},"18":{"name":"(anonymous_18)","decl":{"start":{"line":184,"column":18},"end":{"line":184,"column":19}},"loc":{"start":{"line":184,"column":26},"end":{"line":187,"column":5}},"line":184},"19":{"name":"(anonymous_19)","decl":{"start":{"line":186,"column":44},"end":{"line":186,"column":45}},"loc":{"start":{"line":186,"column":51},"end":{"line":186,"column":88}},"line":186},"20":{"name":"(anonymous_20)","decl":{"start":{"line":193,"column":21},"end":{"line":193,"column":22}},"loc":{"start":{"line":193,"column":27},"end":{"line":212,"column":3}},"line":193},"21":{"name":"(anonymous_21)","decl":{"start":{"line":198,"column":12},"end":{"line":198,"column":13}},"loc":{"start":{"line":198,"column":24},"end":{"line":207,"column":7}},"line":198},"22":{"name":"(anonymous_22)","decl":{"start":{"line":200,"column":13},"end":{"line":200,"column":14}},"loc":{"start":{"line":200,"column":21},"end":{"line":205,"column":9}},"line":200},"23":{"name":"(anonymous_23)","decl":{"start":{"line":208,"column":13},"end":{"line":208,"column":14}},"loc":{"start":{"line":208,"column":22},"end":{"line":210,"column":7}},"line":208}},"branchMap":{"0":{"loc":{"start":{"line":11,"column":9},"end":{"line":29,"column":11}},"type":"cond-expr","locations":[{"start":{"line":12,"column":4},"end":{"line":29,"column":6}},{"start":{"line":29,"column":9},"end":{"line":29,"column":11}}],"line":11},"1":{"loc":{"start":{"line":11,"column":10},"end":{"line":11,"column":29}},"type":"binary-expr","locations":[{"start":{"line":11,"column":10},"end":{"line":11,"column":14}},{"start":{"line":11,"column":18},"end":{"line":11,"column":29}}],"line":11},"2":{"loc":{"start":{"line":16,"column":6},"end":{"line":26,"column":7}},"type":"if","locations":[{"start":{"line":16,"column":6},"end":{"line":26,"column":7}},{"start":{"line":16,"column":6},"end":{"line":26,"column":7}}],"line":16},"3":{"loc":{"start":{"line":35,"column":20},"end":{"line":36,"column":40}},"type":"cond-expr","locations":[{"start":{"line":36,"column":4},"end":{"line":36,"column":35}},{"start":{"line":36,"column":38},"end":{"line":36,"column":40}}],"line":35},"4":{"loc":{"start":{"line":37,"column":19},"end":{"line":38,"column":53}},"type":"cond-expr","locations":[{"start":{"line":38,"column":2},"end":{"line":38,"column":33}},{"start":{"line":38,"column":36},"end":{"line":38,"column":53}}],"line":37},"5":{"loc":{"start":{"line":60,"column":9},"end":{"line":60,"column":76}},"type":"cond-expr","locations":[{"start":{"line":60,"column":33},"end":{"line":60,"column":71}},{"start":{"line":60,"column":74},"end":{"line":60,"column":76}}],"line":60},"6":{"loc":{"start":{"line":60,"column":9},"end":{"line":60,"column":30}},"type":"binary-expr","locations":[{"start":{"line":60,"column":9},"end":{"line":60,"column":14}},{"start":{"line":60,"column":18},"end":{"line":60,"column":30}}],"line":60},"7":{"loc":{"start":{"line":65,"column":2},"end":{"line":72,"column":3}},"type":"switch","locations":[{"start":{"line":66,"column":4},"end":{"line":67,"column":22}},{"start":{"line":68,"column":4},"end":{"line":69,"column":23}},{"start":{"line":70,"column":4},"end":{"line":71,"column":22}}],"line":65},"8":{"loc":{"start":{"line":94,"column":4},"end":{"line":94,"column":96}},"type":"if","locations":[{"start":{"line":94,"column":4},"end":{"line":94,"column":96}},{"start":{"line":94,"column":4},"end":{"line":94,"column":96}}],"line":94},"9":{"loc":{"start":{"line":99,"column":4},"end":{"line":99,"column":75}},"type":"if","locations":[{"start":{"line":99,"column":4},"end":{"line":99,"column":75}},{"start":{"line":99,"column":4},"end":{"line":99,"column":75}}],"line":99},"10":{"loc":{"start":{"line":99,"column":8},"end":{"line":99,"column":57}},"type":"binary-expr","locations":[{"start":{"line":99,"column":8},"end":{"line":99,"column":34}},{"start":{"line":99,"column":38},"end":{"line":99,"column":57}}],"line":99},"11":{"loc":{"start":{"line":100,"column":4},"end":{"line":100,"column":71}},"type":"if","locations":[{"start":{"line":100,"column":4},"end":{"line":100,"column":71}},{"start":{"line":100,"column":4},"end":{"line":100,"column":71}}],"line":100},"12":{"loc":{"start":{"line":100,"column":8},"end":{"line":100,"column":52}},"type":"binary-expr","locations":[{"start":{"line":100,"column":8},"end":{"line":100,"column":29}},{"start":{"line":100,"column":33},"end":{"line":100,"column":52}}],"line":100},"13":{"loc":{"start":{"line":101,"column":4},"end":{"line":117,"column":5}},"type":"if","locations":[{"start":{"line":101,"column":4},"end":{"line":117,"column":5}},{"start":{"line":101,"column":4},"end":{"line":117,"column":5}}],"line":101},"14":{"loc":{"start":{"line":170,"column":4},"end":{"line":170,"column":52}},"type":"if","locations":[{"start":{"line":170,"column":4},"end":{"line":170,"column":52}},{"start":{"line":170,"column":4},"end":{"line":170,"column":52}}],"line":170},"15":{"loc":{"start":{"line":172,"column":4},"end":{"line":182,"column":5}},"type":"if","locations":[{"start":{"line":172,"column":4},"end":{"line":182,"column":5}},{"start":{"line":172,"column":4},"end":{"line":182,"column":5}}],"line":172},"16":{"loc":{"start":{"line":194,"column":4},"end":{"line":211,"column":5}},"type":"if","locations":[{"start":{"line":194,"column":4},"end":{"line":211,"column":5}},{"start":{"line":194,"column":4},"end":{"line":211,"column":5}}],"line":194}},"s":{"0":6,"1":44,"2":104,"3":104,"4":104,"5":6,"6":6,"7":6,"8":6,"9":6,"10":6,"11":6,"12":6,"13":6,"14":5,"15":3,"16":1,"17":1,"18":14,"19":14,"20":14,"21":14,"22":0,"23":14,"24":0,"25":14,"26":0,"27":14,"28":14,"29":1,"30":1,"31":1,"32":1,"33":0,"34":3,"35":2,"36":3,"37":2,"38":3,"39":2,"40":8,"41":2,"42":2,"43":2,"44":2,"45":1,"46":1,"47":1,"48":1,"49":3,"50":3,"51":0,"52":3,"53":0,"54":14,"55":1,"56":1,"57":1,"58":14,"59":1,"60":1,"61":1,"62":5,"63":3,"64":5,"65":5,"66":5,"67":5,"68":0,"69":0,"70":0,"71":5,"72":20,"73":20,"74":3,"75":5,"76":14,"77":5,"78":5,"79":3,"80":12,"81":3,"82":2},"f":{"0":44,"1":104,"2":6,"3":6,"4":6,"5":5,"6":14,"7":0,"8":0,"9":0,"10":1,"11":3,"12":8,"13":0,"14":0,"15":1,"16":1,"17":5,"18":20,"19":3,"20":5,"21":3,"22":12,"23":2},"b":{"0":[26,18],"1":[44,26],"2":[104,0],"3":[0,6],"4":[0,6],"5":[5,1],"6":[6,6],"7":[3,1,1],"8":[0,1],"9":[2,1],"10":[3,1],"11":[2,1],"12":[3,1],"13":[2,1],"14":[3,2],"15":[5,0],"16":[5,0]},"_coverageSchema":"1a1c01bbd47fc00a2c39e90264f33305004495a9","hash":"eefe5814a0c8fdaa2fbec670decd7e07744d5811"}
,"C:\\Users\\lucas\\Desktop\\Projets_OC\\P9-Changement\\Billed-app-FR-Front\\src\\containers\\Login.js": {"path":"C:\\Users\\lucas\\Desktop\\Projets_OC\\P9-Changement\\Billed-app-FR-Front\\src\\containers\\Login.js","statementMap":{"0":{"start":{"line":3,"column":31},"end":{"line":3,"column":33}},"1":{"start":{"line":8,"column":4},"end":{"line":8,"column":28}},"2":{"start":{"line":9,"column":4},"end":{"line":9,"column":36}},"3":{"start":{"line":10,"column":4},"end":{"line":10,"column":32}},"4":{"start":{"line":11,"column":4},"end":{"line":11,"column":46}},"5":{"start":{"line":12,"column":4},"end":{"line":12,"column":22}},"6":{"start":{"line":13,"column":25},"end":{"line":13,"column":89}},"7":{"start":{"line":14,"column":4},"end":{"line":14,"column":70}},"8":{"start":{"line":15,"column":22},"end":{"line":15,"column":83}},"9":{"start":{"line":16,"column":4},"end":{"line":16,"column":64}},"10":{"start":{"line":18,"column":25},"end":{"line":38,"column":3}},"11":{"start":{"line":19,"column":4},"end":{"line":19,"column":22}},"12":{"start":{"line":20,"column":17},"end":{"line":25,"column":5}},"13":{"start":{"line":26,"column":4},"end":{"line":26,"column":59}},"14":{"start":{"line":27,"column":4},"end":{"line":36,"column":8}},"15":{"start":{"line":29,"column":17},"end":{"line":29,"column":38}},"16":{"start":{"line":32,"column":8},"end":{"line":32,"column":45}},"17":{"start":{"line":33,"column":8},"end":{"line":33,"column":53}},"18":{"start":{"line":34,"column":8},"end":{"line":34,"column":50}},"19":{"start":{"line":35,"column":8},"end":{"line":35,"column":55}},"20":{"start":{"line":40,"column":22},"end":{"line":61,"column":3}},"21":{"start":{"line":41,"column":4},"end":{"line":41,"column":22}},"22":{"start":{"line":42,"column":17},"end":{"line":49,"column":5}},"23":{"start":{"line":50,"column":4},"end":{"line":50,"column":59}},"24":{"start":{"line":51,"column":4},"end":{"line":60,"column":8}},"25":{"start":{"line":53,"column":17},"end":{"line":53,"column":38}},"26":{"start":{"line":56,"column":8},"end":{"line":56,"column":49}},"27":{"start":{"line":57,"column":8},"end":{"line":57,"column":57}},"28":{"start":{"line":58,"column":8},"end":{"line":58,"column":50}},"29":{"start":{"line":59,"column":8},"end":{"line":59,"column":50}},"30":{"start":{"line":64,"column":10},"end":{"line":76,"column":3}},"31":{"start":{"line":65,"column":4},"end":{"line":75,"column":5}},"32":{"start":{"line":66,"column":6},"end":{"line":72,"column":8}},"33":{"start":{"line":71,"column":8},"end":{"line":71,"column":40}},"34":{"start":{"line":74,"column":6},"end":{"line":74,"column":17}},"35":{"start":{"line":79,"column":15},"end":{"line":96,"column":3}},"36":{"start":{"line":80,"column":4},"end":{"line":95,"column":5}},"37":{"start":{"line":81,"column":6},"end":{"line":92,"column":8}},"38":{"start":{"line":90,"column":8},"end":{"line":90,"column":57}},"39":{"start":{"line":91,"column":8},"end":{"line":91,"column":31}},"40":{"start":{"line":94,"column":6},"end":{"line":94,"column":17}}},"fnMap":{"0":{"name":"(anonymous_0)","decl":{"start":{"line":7,"column":2},"end":{"line":7,"column":3}},"loc":{"start":{"line":7,"column":80},"end":{"line":17,"column":3}},"line":7},"1":{"name":"(anonymous_1)","decl":{"start":{"line":18,"column":25},"end":{"line":18,"column":26}},"loc":{"start":{"line":18,"column":30},"end":{"line":38,"column":3}},"line":18},"2":{"name":"(anonymous_2)","decl":{"start":{"line":29,"column":8},"end":{"line":29,"column":9}},"loc":{"start":{"line":29,"column":17},"end":{"line":29,"column":38}},"line":29},"3":{"name":"(anonymous_3)","decl":{"start":{"line":31,"column":12},"end":{"line":31,"column":13}},"loc":{"start":{"line":31,"column":18},"end":{"line":36,"column":7}},"line":31},"4":{"name":"(anonymous_4)","decl":{"start":{"line":40,"column":22},"end":{"line":40,"column":23}},"loc":{"start":{"line":40,"column":27},"end":{"line":61,"column":3}},"line":40},"5":{"name":"(anonymous_5)","decl":{"start":{"line":53,"column":8},"end":{"line":53,"column":9}},"loc":{"start":{"line":53,"column":17},"end":{"line":53,"column":38}},"line":53},"6":{"name":"(anonymous_6)","decl":{"start":{"line":55,"column":12},"end":{"line":55,"column":13}},"loc":{"start":{"line":55,"column":18},"end":{"line":60,"column":7}},"line":55},"7":{"name":"(anonymous_7)","decl":{"start":{"line":64,"column":10},"end":{"line":64,"column":11}},"loc":{"start":{"line":64,"column":20},"end":{"line":76,"column":3}},"line":64},"8":{"name":"(anonymous_8)","decl":{"start":{"line":70,"column":15},"end":{"line":70,"column":16}},"loc":{"start":{"line":70,"column":26},"end":{"line":72,"column":7}},"line":70},"9":{"name":"(anonymous_9)","decl":{"start":{"line":79,"column":15},"end":{"line":79,"column":16}},"loc":{"start":{"line":79,"column":25},"end":{"line":96,"column":3}},"line":79},"10":{"name":"(anonymous_10)","decl":{"start":{"line":89,"column":12},"end":{"line":89,"column":13}},"loc":{"start":{"line":89,"column":18},"end":{"line":92,"column":7}},"line":89}},"branchMap":{"0":{"loc":{"start":{"line":65,"column":4},"end":{"line":75,"column":5}},"type":"if","locations":[{"start":{"line":65,"column":4},"end":{"line":75,"column":5}},{"start":{"line":65,"column":4},"end":{"line":75,"column":5}}],"line":65},"1":{"loc":{"start":{"line":80,"column":4},"end":{"line":95,"column":5}},"type":"if","locations":[{"start":{"line":80,"column":4},"end":{"line":95,"column":5}},{"start":{"line":80,"column":4},"end":{"line":95,"column":5}}],"line":80}},"s":{"0":3,"1":4,"2":4,"3":4,"4":4,"5":4,"6":4,"7":4,"8":4,"9":4,"10":4,"11":2,"12":2,"13":2,"14":2,"15":0,"16":2,"17":2,"18":2,"19":2,"20":4,"21":2,"22":2,"23":2,"24":2,"25":0,"26":2,"27":2,"28":2,"29":2,"30":4,"31":0,"32":0,"33":0,"34":0,"35":4,"36":0,"37":0,"38":0,"39":0,"40":0},"f":{"0":4,"1":2,"2":0,"3":2,"4":2,"5":0,"6":2,"7":0,"8":0,"9":0,"10":0},"b":{"0":[0,0],"1":[0,0]},"_coverageSchema":"1a1c01bbd47fc00a2c39e90264f33305004495a9","hash":"e18598ea6cd090379ae5a6a315225bbaca896bbc"}
,"C:\\Users\\lucas\\Desktop\\Projets_OC\\P9-Changement\\Billed-app-FR-Front\\src\\containers\\Logout.js": {"path":"C:\\Users\\lucas\\Desktop\\Projets_OC\\P9-Changement\\Billed-app-FR-Front\\src\\containers\\Logout.js","statementMap":{"0":{"start":{"line":5,"column":4},"end":{"line":5,"column":28}},"1":{"start":{"line":6,"column":4},"end":{"line":6,"column":32}},"2":{"start":{"line":7,"column":4},"end":{"line":7,"column":36}},"3":{"start":{"line":8,"column":4},"end":{"line":8,"column":51}},"4":{"start":{"line":11,"column":16},"end":{"line":14,"column":3}},"5":{"start":{"line":12,"column":4},"end":{"line":12,"column":29}},"6":{"start":{"line":13,"column":4},"end":{"line":13,"column":41}}},"fnMap":{"0":{"name":"(anonymous_0)","decl":{"start":{"line":4,"column":2},"end":{"line":4,"column":3}},"loc":{"start":{"line":4,"column":54},"end":{"line":9,"column":3}},"line":4},"1":{"name":"(anonymous_1)","decl":{"start":{"line":11,"column":16},"end":{"line":11,"column":17}},"loc":{"start":{"line":11,"column":23},"end":{"line":14,"column":3}},"line":11}},"branchMap":{},"s":{"0":20,"1":20,"2":20,"3":20,"4":20,"5":2,"6":2},"f":{"0":20,"1":2},"b":{},"_coverageSchema":"1a1c01bbd47fc00a2c39e90264f33305004495a9","hash":"037c7e1b810d2456520ac454da661657d5437a25"}
,"C:\\Users\\lucas\\Desktop\\Projets_OC\\P9-Changement\\Billed-app-FR-Front\\src\\containers\\NewBill.js": {"path":"C:\\Users\\lucas\\Desktop\\Projets_OC\\P9-Changement\\Billed-app-FR-Front\\src\\containers\\NewBill.js","statementMap":{"0":{"start":{"line":6,"column":4},"end":{"line":6,"column":28}},"1":{"start":{"line":7,"column":4},"end":{"line":7,"column":32}},"2":{"start":{"line":8,"column":4},"end":{"line":8,"column":22}},"3":{"start":{"line":9,"column":24},"end":{"line":9,"column":88}},"4":{"start":{"line":10,"column":4},"end":{"line":10,"column":61}},"5":{"start":{"line":11,"column":17},"end":{"line":11,"column":73}},"6":{"start":{"line":12,"column":4},"end":{"line":12,"column":58}},"7":{"start":{"line":13,"column":4},"end":{"line":13,"column":23}},"8":{"start":{"line":14,"column":4},"end":{"line":14,"column":24}},"9":{"start":{"line":15,"column":4},"end":{"line":15,"column":22}},"10":{"start":{"line":16,"column":4},"end":{"line":16,"column":54}},"11":{"start":{"line":18,"column":21},"end":{"line":51,"column":3}},"12":{"start":{"line":19,"column":4},"end":{"line":19,"column":22}},"13":{"start":{"line":20,"column":17},"end":{"line":20,"column":82}},"14":{"start":{"line":21,"column":21},"end":{"line":21,"column":48}},"15":{"start":{"line":22,"column":21},"end":{"line":22,"column":48}},"16":{"start":{"line":25,"column":2},"end":{"line":30,"column":3}},"17":{"start":{"line":26,"column":4},"end":{"line":26,"column":95}},"18":{"start":{"line":27,"column":4},"end":{"line":27,"column":24}},"19":{"start":{"line":28,"column":4},"end":{"line":28,"column":25}},"20":{"start":{"line":29,"column":4},"end":{"line":29,"column":11}},"21":{"start":{"line":32,"column":21},"end":{"line":32,"column":35}},"22":{"start":{"line":33,"column":18},"end":{"line":33,"column":64}},"23":{"start":{"line":34,"column":4},"end":{"line":34,"column":33}},"24":{"start":{"line":35,"column":4},"end":{"line":35,"column":35}},"25":{"start":{"line":37,"column":4},"end":{"line":50,"column":45}},"26":{"start":{"line":46,"column":8},"end":{"line":46,"column":28}},"27":{"start":{"line":47,"column":8},"end":{"line":47,"column":25}},"28":{"start":{"line":48,"column":8},"end":{"line":48,"column":30}},"29":{"start":{"line":49,"column":8},"end":{"line":49,"column":32}},"30":{"start":{"line":50,"column":24},"end":{"line":50,"column":44}},"31":{"start":{"line":52,"column":17},"end":{"line":78,"column":3}},"32":{"start":{"line":53,"column":4},"end":{"line":53,"column":22}},"33":{"start":{"line":54,"column":4},"end":{"line":54,"column":147}},"34":{"start":{"line":55,"column":18},"end":{"line":55,"column":64}},"35":{"start":{"line":58,"column":2},"end":{"line":61,"column":3}},"36":{"start":{"line":59,"column":4},"end":{"line":59,"column":77}},"37":{"start":{"line":60,"column":4},"end":{"line":60,"column":11}},"38":{"start":{"line":63,"column":17},"end":{"line":75,"column":5}},"39":{"start":{"line":76,"column":4},"end":{"line":76,"column":25}},"40":{"start":{"line":77,"column":4},"end":{"line":77,"column":41}},"41":{"start":{"line":81,"column":15},"end":{"line":91,"column":3}},"42":{"start":{"line":82,"column":4},"end":{"line":90,"column":5}},"43":{"start":{"line":83,"column":6},"end":{"line":89,"column":43}},"44":{"start":{"line":87,"column":8},"end":{"line":87,"column":45}},"45":{"start":{"line":89,"column":22},"end":{"line":89,"column":42}}},"fnMap":{"0":{"name":"(anonymous_0)","decl":{"start":{"line":5,"column":2},"end":{"line":5,"column":3}},"loc":{"start":{"line":5,"column":61},"end":{"line":17,"column":3}},"line":5},"1":{"name":"(anonymous_1)","decl":{"start":{"line":18,"column":21},"end":{"line":18,"column":22}},"loc":{"start":{"line":18,"column":26},"end":{"line":51,"column":3}},"line":18},"2":{"name":"(anonymous_2)","decl":{"start":{"line":45,"column":12},"end":{"line":45,"column":13}},"loc":{"start":{"line":45,"column":32},"end":{"line":50,"column":7}},"line":45},"3":{"name":"(anonymous_3)","decl":{"start":{"line":50,"column":15},"end":{"line":50,"column":16}},"loc":{"start":{"line":50,"column":24},"end":{"line":50,"column":44}},"line":50},"4":{"name":"(anonymous_4)","decl":{"start":{"line":52,"column":17},"end":{"line":52,"column":18}},"loc":{"start":{"line":52,"column":22},"end":{"line":78,"column":3}},"line":52},"5":{"name":"(anonymous_5)","decl":{"start":{"line":81,"column":15},"end":{"line":81,"column":16}},"loc":{"start":{"line":81,"column":25},"end":{"line":91,"column":3}},"line":81},"6":{"name":"(anonymous_6)","decl":{"start":{"line":86,"column":12},"end":{"line":86,"column":13}},"loc":{"start":{"line":86,"column":18},"end":{"line":88,"column":7}},"line":86},"7":{"name":"(anonymous_7)","decl":{"start":{"line":89,"column":13},"end":{"line":89,"column":14}},"loc":{"start":{"line":89,"column":22},"end":{"line":89,"column":42}},"line":89}},"branchMap":{"0":{"loc":{"start":{"line":25,"column":2},"end":{"line":30,"column":3}},"type":"if","locations":[{"start":{"line":25,"column":2},"end":{"line":30,"column":3}},{"start":{"line":25,"column":2},"end":{"line":30,"column":3}}],"line":25},"1":{"loc":{"start":{"line":25,"column":6},"end":{"line":25,"column":93}},"type":"binary-expr","locations":[{"start":{"line":25,"column":6},"end":{"line":25,"column":32}},{"start":{"line":25,"column":36},"end":{"line":25,"column":63}},{"start":{"line":25,"column":67},"end":{"line":25,"column":93}}],"line":25},"2":{"loc":{"start":{"line":58,"column":2},"end":{"line":61,"column":3}},"type":"if","locations":[{"start":{"line":58,"column":2},"end":{"line":61,"column":3}},{"start":{"line":58,"column":2},"end":{"line":61,"column":3}}],"line":58},"3":{"loc":{"start":{"line":58,"column":6},"end":{"line":58,"column":128}},"type":"binary-expr","locations":[{"start":{"line":58,"column":6},"end":{"line":58,"column":20}},{"start":{"line":58,"column":25},"end":{"line":58,"column":56}},{"start":{"line":58,"column":60},"end":{"line":58,"column":92}},{"start":{"line":58,"column":96},"end":{"line":58,"column":127}}],"line":58},"4":{"loc":{"start":{"line":70,"column":11},"end":{"line":70,"column":83}},"type":"binary-expr","locations":[{"start":{"line":70,"column":11},"end":{"line":70,"column":77}},{"start":{"line":70,"column":81},"end":{"line":70,"column":83}}],"line":70},"5":{"loc":{"start":{"line":82,"column":4},"end":{"line":90,"column":5}},"type":"if","locations":[{"start":{"line":82,"column":4},"end":{"line":90,"column":5}},{"start":{"line":82,"column":4},"end":{"line":90,"column":5}}],"line":82}},"s":{"0":1,"1":1,"2":1,"3":1,"4":1,"5":1,"6":1,"7":1,"8":1,"9":1,"10":1,"11":1,"12":0,"13":0,"14":0,"15":0,"16":0,"17":0,"18":0,"19":0,"20":0,"21":0,"22":0,"23":0,"24":0,"25":0,"26":0,"27":0,"28":0,"29":0,"30":0,"31":1,"32":0,"33":0,"34":0,"35":0,"36":0,"37":0,"38":0,"39":0,"40":0,"41":1,"42":0,"43":0,"44":0,"45":0},"f":{"0":1,"1":0,"2":0,"3":0,"4":0,"5":0,"6":0,"7":0},"b":{"0":[0,0],"1":[0,0,0],"2":[0,0],"3":[0,0,0,0],"4":[0,0],"5":[0,0]},"_coverageSchema":"1a1c01bbd47fc00a2c39e90264f33305004495a9","hash":"ddaab7deba920a41cd6371e6424250d5f9caa047"}
,"C:\\Users\\lucas\\Desktop\\Projets_OC\\P9-Changement\\Billed-app-FR-Front\\src\\views\\Actions.js": {"path":"C:\\Users\\lucas\\Desktop\\Projets_OC\\P9-Changement\\Billed-app-FR-Front\\src\\views\\Actions.js","statementMap":{"0":{"start":{"line":5,"column":2},"end":{"line":11,"column":3}}},"fnMap":{"0":{"name":"(anonymous_0)","decl":{"start":{"line":4,"column":15},"end":{"line":4,"column":16}},"loc":{"start":{"line":4,"column":28},"end":{"line":12,"column":1}},"line":4}},"branchMap":{},"s":{"0":6},"f":{"0":6},"b":{},"_coverageSchema":"1a1c01bbd47fc00a2c39e90264f33305004495a9","hash":"0cd35b3bebc66a00712d36ad87d2d848ac2d9671"}
,"C:\\Users\\lucas\\Desktop\\Projets_OC\\P9-Changement\\Billed-app-FR-Front\\src\\views\\BillsUI.js": {"path":"C:\\Users\\lucas\\Desktop\\Projets_OC\\P9-Changement\\Billed-app-FR-Front\\src\\views\\BillsUI.js","statementMap":{"0":{"start":{"line":7,"column":12},"end":{"line":20,"column":3}},"1":{"start":{"line":8,"column":2},"end":{"line":19,"column":6}},"2":{"start":{"line":22,"column":13},"end":{"line":24,"column":1}},"3":{"start":{"line":23,"column":2},"end":{"line":23,"column":74}},"4":{"start":{"line":23,"column":50},"end":{"line":23,"column":59}},"5":{"start":{"line":28,"column":16},"end":{"line":43,"column":4}},"6":{"start":{"line":28,"column":23},"end":{"line":43,"column":3}},"7":{"start":{"line":45,"column":2},"end":{"line":49,"column":3}},"8":{"start":{"line":46,"column":4},"end":{"line":46,"column":24}},"9":{"start":{"line":47,"column":9},"end":{"line":49,"column":3}},"10":{"start":{"line":48,"column":4},"end":{"line":48,"column":27}},"11":{"start":{"line":51,"column":2},"end":{"line":79,"column":3}}},"fnMap":{"0":{"name":"(anonymous_0)","decl":{"start":{"line":7,"column":12},"end":{"line":7,"column":13}},"loc":{"start":{"line":7,"column":22},"end":{"line":20,"column":3}},"line":7},"1":{"name":"(anonymous_1)","decl":{"start":{"line":22,"column":13},"end":{"line":22,"column":14}},"loc":{"start":{"line":22,"column":23},"end":{"line":24,"column":1}},"line":22},"2":{"name":"(anonymous_2)","decl":{"start":{"line":23,"column":42},"end":{"line":23,"column":43}},"loc":{"start":{"line":23,"column":50},"end":{"line":23,"column":59}},"line":23},"3":{"name":"(anonymous_3)","decl":{"start":{"line":26,"column":15},"end":{"line":26,"column":16}},"loc":{"start":{"line":26,"column":52},"end":{"line":80,"column":1}},"line":26},"4":{"name":"(anonymous_4)","decl":{"start":{"line":28,"column":16},"end":{"line":28,"column":17}},"loc":{"start":{"line":28,"column":23},"end":{"line":43,"column":3}},"line":28}},"branchMap":{"0":{"loc":{"start":{"line":23,"column":9},"end":{"line":23,"column":74}},"type":"cond-expr","locations":[{"start":{"line":23,"column":33},"end":{"line":23,"column":69}},{"start":{"line":23,"column":72},"end":{"line":23,"column":74}}],"line":23},"1":{"loc":{"start":{"line":23,"column":10},"end":{"line":23,"column":29}},"type":"binary-expr","locations":[{"start":{"line":23,"column":10},"end":{"line":23,"column":14}},{"start":{"line":23,"column":18},"end":{"line":23,"column":29}}],"line":23},"2":{"loc":{"start":{"line":45,"column":2},"end":{"line":49,"column":3}},"type":"if","locations":[{"start":{"line":45,"column":2},"end":{"line":49,"column":3}},{"start":{"line":45,"column":2},"end":{"line":49,"column":3}}],"line":45},"3":{"loc":{"start":{"line":47,"column":9},"end":{"line":49,"column":3}},"type":"if","locations":[{"start":{"line":47,"column":9},"end":{"line":49,"column":3}},{"start":{"line":47,"column":9},"end":{"line":49,"column":3}}],"line":47}},"s":{"0":6,"1":4,"2":6,"3":4,"4":4,"5":6,"6":4,"7":6,"8":1,"9":5,"10":1,"11":4},"f":{"0":4,"1":4,"2":4,"3":6,"4":4},"b":{"0":[1,3],"1":[4,2],"2":[1,5],"3":[1,4]},"_coverageSchema":"1a1c01bbd47fc00a2c39e90264f33305004495a9","hash":"fc8e12aef933b5330caa044f96b64083e99ae908"}
,"C:\\Users\\lucas\\Desktop\\Projets_OC\\P9-Changement\\Billed-app-FR-Front\\src\\views\\DashboardFormUI.js": {"path":"C:\\Users\\lucas\\Desktop\\Projets_OC\\P9-Changement\\Billed-app-FR-Front\\src\\views\\DashboardFormUI.js","statementMap":{"0":{"start":{"line":7,"column":21},"end":{"line":22,"column":4}},"1":{"start":{"line":7,"column":28},"end":{"line":22,"column":3}},"2":{"start":{"line":26,"column":2},"end":{"line":101,"column":4}}},"fnMap":{"0":{"name":"(anonymous_0)","decl":{"start":{"line":7,"column":21},"end":{"line":7,"column":22}},"loc":{"start":{"line":7,"column":28},"end":{"line":22,"column":3}},"line":7},"1":{"name":"(anonymous_1)","decl":{"start":{"line":24,"column":15},"end":{"line":24,"column":16}},"loc":{"start":{"line":24,"column":25},"end":{"line":102,"column":1}},"line":24}},"branchMap":{"0":{"loc":{"start":{"line":79,"column":9},"end":{"line":89,"column":9}},"type":"cond-expr","locations":[{"start":{"line":79,"column":38},"end":{"line":84,"column":8}},{"start":{"line":84,"column":13},"end":{"line":89,"column":8}}],"line":79},"1":{"loc":{"start":{"line":92,"column":8},"end":{"line":97,"column":13}},"type":"cond-expr","locations":[{"start":{"line":92,"column":37},"end":{"line":97,"column":7}},{"start":{"line":97,"column":11},"end":{"line":97,"column":13}}],"line":92}},"s":{"0":7,"1":9,"2":9},"f":{"0":9,"1":9},"b":{"0":[6,3],"1":[6,3]},"_coverageSchema":"1a1c01bbd47fc00a2c39e90264f33305004495a9","hash":"cab85487fdc822567c878334eeb2935fd15227df"}
,"C:\\Users\\lucas\\Desktop\\Projets_OC\\P9-Changement\\Billed-app-FR-Front\\src\\views\\DashboardUI.js": {"path":"C:\\Users\\lucas\\Desktop\\Projets_OC\\P9-Changement\\Billed-app-FR-Front\\src\\views\\DashboardUI.js","statementMap":{"0":{"start":{"line":10,"column":2},"end":{"line":14,"column":3}},"1":{"start":{"line":11,"column":4},"end":{"line":11,"column":24}},"2":{"start":{"line":12,"column":9},"end":{"line":14,"column":3}},"3":{"start":{"line":13,"column":4},"end":{"line":13,"column":27}},"4":{"start":{"line":16,"column":2},"end":{"line":48,"column":3}}},"fnMap":{"0":{"name":"(anonymous_0)","decl":{"start":{"line":8,"column":15},"end":{"line":8,"column":16}},"loc":{"start":{"line":8,"column":45},"end":{"line":49,"column":1}},"line":8}},"branchMap":{"0":{"loc":{"start":{"line":10,"column":2},"end":{"line":14,"column":3}},"type":"if","locations":[{"start":{"line":10,"column":2},"end":{"line":14,"column":3}},{"start":{"line":10,"column":2},"end":{"line":14,"column":3}}],"line":10},"1":{"loc":{"start":{"line":12,"column":9},"end":{"line":14,"column":3}},"type":"if","locations":[{"start":{"line":12,"column":9},"end":{"line":14,"column":3}},{"start":{"line":12,"column":9},"end":{"line":14,"column":3}}],"line":12},"2":{"loc":{"start":{"line":22,"column":45},"end":{"line":22,"column":63}},"type":"binary-expr","locations":[{"start":{"line":22,"column":45},"end":{"line":22,"column":49}},{"start":{"line":22,"column":53},"end":{"line":22,"column":63}}],"line":22},"3":{"loc":{"start":{"line":29,"column":43},"end":{"line":29,"column":61}},"type":"binary-expr","locations":[{"start":{"line":29,"column":43},"end":{"line":29,"column":47}},{"start":{"line":29,"column":51},"end":{"line":29,"column":61}}],"line":29},"4":{"loc":{"start":{"line":36,"column":43},"end":{"line":36,"column":61}},"type":"binary-expr","locations":[{"start":{"line":36,"column":43},"end":{"line":36,"column":47}},{"start":{"line":36,"column":51},"end":{"line":36,"column":61}}],"line":36}},"s":{"0":21,"1":6,"2":15,"3":3,"4":12},"f":{"0":21},"b":{"0":[6,15],"1":[3,12],"2":[12,7],"3":[12,7],"4":[12,7]},"_coverageSchema":"1a1c01bbd47fc00a2c39e90264f33305004495a9","hash":"06210ce5563f9550f86f2db098116246e2456b96"}
,"C:\\Users\\lucas\\Desktop\\Projets_OC\\P9-Changement\\Billed-app-FR-Front\\src\\views\\ErrorPage.js": {"path":"C:\\Users\\lucas\\Desktop\\Projets_OC\\P9-Changement\\Billed-app-FR-Front\\src\\views\\ErrorPage.js","statementMap":{"0":{"start":{"line":4,"column":2},"end":{"line":15,"column":3}}},"fnMap":{"0":{"name":"(anonymous_0)","decl":{"start":{"line":3,"column":15},"end":{"line":3,"column":16}},"loc":{"start":{"line":3,"column":26},"end":{"line":16,"column":1}},"line":3}},"branchMap":{"0":{"loc":{"start":{"line":12,"column":12},"end":{"line":12,"column":30}},"type":"cond-expr","locations":[{"start":{"line":12,"column":20},"end":{"line":12,"column":25}},{"start":{"line":12,"column":28},"end":{"line":12,"column":30}}],"line":12}},"s":{"0":6},"f":{"0":6},"b":{"0":[5,1]},"_coverageSchema":"1a1c01bbd47fc00a2c39e90264f33305004495a9","hash":"b3d460b794f1f5e3ba03dcf1ae6353d92e9afc6e"}
,"C:\\Users\\lucas\\Desktop\\Projets_OC\\P9-Changement\\Billed-app-FR-Front\\src\\views\\LoadingPage.js": {"path":"C:\\Users\\lucas\\Desktop\\Projets_OC\\P9-Changement\\Billed-app-FR-Front\\src\\views\\LoadingPage.js","statementMap":{"0":{"start":{"line":5,"column":2},"end":{"line":12,"column":3}}},"fnMap":{"0":{"name":"(anonymous_0)","decl":{"start":{"line":3,"column":15},"end":{"line":3,"column":16}},"loc":{"start":{"line":3,"column":21},"end":{"line":13,"column":1}},"line":3}},"branchMap":{},"s":{"0":8},"f":{"0":8},"b":{},"_coverageSchema":"1a1c01bbd47fc00a2c39e90264f33305004495a9","hash":"b7d4a9a7c6601b7eb73b50b4db17e982e121ca45"}
,"C:\\Users\\lucas\\Desktop\\Projets_OC\\P9-Changement\\Billed-app-FR-Front\\src\\views\\LoginUI.js": {"path":"C:\\Users\\lucas\\Desktop\\Projets_OC\\P9-Changement\\Billed-app-FR-Front\\src\\views\\LoginUI.js","statementMap":{"0":{"start":{"line":4,"column":2},"end":{"line":46,"column":4}}},"fnMap":{"0":{"name":"(anonymous_0)","decl":{"start":{"line":2,"column":15},"end":{"line":2,"column":16}},"loc":{"start":{"line":2,"column":21},"end":{"line":47,"column":1}},"line":2}},"branchMap":{},"s":{"0":14},"f":{"0":14},"b":{},"_coverageSchema":"1a1c01bbd47fc00a2c39e90264f33305004495a9","hash":"4e927b4bbfed93506e2cafdf2e473991a427720f"}
,"C:\\Users\\lucas\\Desktop\\Projets_OC\\P9-Changement\\Billed-app-FR-Front\\src\\views\\NewBillUI.js": {"path":"C:\\Users\\lucas\\Desktop\\Projets_OC\\P9-Changement\\Billed-app-FR-Front\\src\\views\\NewBillUI.js","statementMap":{"0":{"start":{"line":5,"column":2},"end":{"line":73,"column":4}}},"fnMap":{"0":{"name":"(anonymous_0)","decl":{"start":{"line":3,"column":15},"end":{"line":3,"column":16}},"loc":{"start":{"line":3,"column":21},"end":{"line":74,"column":1}},"line":3}},"branchMap":{},"s":{"0":2},"f":{"0":2},"b":{},"_coverageSchema":"1a1c01bbd47fc00a2c39e90264f33305004495a9","hash":"74cfd9316850a6a14c09fc98260addc3d50a2935"}
,"C:\\Users\\lucas\\Desktop\\Projets_OC\\P9-Changement\\Billed-app-FR-Front\\src\\views\\VerticalLayout.js": {"path":"C:\\Users\\lucas\\Desktop\\Projets_OC\\P9-Changement\\Billed-app-FR-Front\\src\\views\\VerticalLayout.js","statementMap":{"0":{"start":{"line":7,"column":4},"end":{"line":7,"column":51}},"1":{"start":{"line":8,"column":4},"end":{"line":10,"column":5}},"2":{"start":{"line":9,"column":6},"end":{"line":9,"column":29}},"3":{"start":{"line":11,"column":4},"end":{"line":39,"column":5}},"4":{"start":{"line":12,"column":6},"end":{"line":27,"column":7}},"5":{"start":{"line":29,"column":6},"end":{"line":38,"column":7}}},"fnMap":{"0":{"name":"(anonymous_0)","decl":{"start":{"line":5,"column":15},"end":{"line":5,"column":16}},"loc":{"start":{"line":5,"column":27},"end":{"line":40,"column":1}},"line":5}},"branchMap":{"0":{"loc":{"start":{"line":8,"column":4},"end":{"line":10,"column":5}},"type":"if","locations":[{"start":{"line":8,"column":4},"end":{"line":10,"column":5}},{"start":{"line":8,"column":4},"end":{"line":10,"column":5}}],"line":8},"1":{"loc":{"start":{"line":11,"column":4},"end":{"line":39,"column":5}},"type":"if","locations":[{"start":{"line":11,"column":4},"end":{"line":39,"column":5}},{"start":{"line":11,"column":4},"end":{"line":39,"column":5}}],"line":11},"2":{"loc":{"start":{"line":11,"column":8},"end":{"line":11,"column":40}},"type":"binary-expr","locations":[{"start":{"line":11,"column":8},"end":{"line":11,"column":12}},{"start":{"line":11,"column":16},"end":{"line":11,"column":40}}],"line":11}},"s":{"0":33,"1":33,"2":20,"3":33,"4":4,"5":29},"f":{"0":33},"b":{"0":[20,13],"1":[4,29],"2":[33,20]},"_coverageSchema":"1a1c01bbd47fc00a2c39e90264f33305004495a9","hash":"0eadb4bfd64e3987dae0de12e0a81f9ccab2cea2"}
}
