TN:
SF:src\constants\routes.js
FN:13,(anonymous_0)
FNF:1
FNH:1
FNDA:37,(anonymous_0)
DA:6,6
DA:13,6
DA:14,37
DA:16,10
DA:18,10
DA:20,4
DA:22,12
DA:24,1
LF:8
LH:8
BRDA:14,0,0,10
BRDA:14,0,1,10
BRDA:14,0,2,4
BRDA:14,0,3,12
BRDA:14,0,4,1
BRF:5
BRH:5
end_of_record
TN:
SF:src\constants\usersTest.js
FNF:0
FNH:0
LF:0
LH:0
BRF:0
BRH:0
end_of_record
TN:
SF:src\containers\Bills.js
FN:8,(anonymous_0)
FN:15,(anonymous_1)
FN:16,(anonymous_2)
FN:22,(anonymous_3)
FN:27,(anonymous_4)
FN:35,(anonymous_5)
FN:40,(anonymous_6)
FN:42,(anonymous_7)
FNF:8
FNH:8
FNDA:11,(anonymous_0)
FNDA:48,(anonymous_1)
FNDA:1,(anonymous_2)
FNDA:3,(anonymous_3)
FNDA:1,(anonymous_4)
FNDA:5,(anonymous_5)
FNDA:3,(anonymous_6)
FNDA:12,(anonymous_7)
DA:9,11
DA:10,11
DA:11,11
DA:12,11
DA:13,11
DA:14,11
DA:15,11
DA:16,48
DA:18,11
DA:22,11
DA:23,3
DA:27,11
DA:28,1
DA:29,1
DA:30,1
DA:31,1
DA:35,11
DA:36,5
DA:37,5
DA:41,3
DA:43,12
DA:44,12
DA:52,0
DA:53,0
DA:61,3
DA:62,3
LF:26
LH:24
BRDA:13,0,0,10
BRDA:13,0,1,1
BRDA:15,1,0,11
BRDA:15,1,1,0
BRDA:36,2,0,5
BRDA:36,2,1,0
BRF:6
BRH:4
end_of_record
TN:
SF:src\containers\Dashboard.js
FN:10,(anonymous_0)
FN:12,(anonymous_1)
FN:33,(anonymous_2)
FN:59,(anonymous_3)
FN:60,(anonymous_4)
FN:64,(anonymous_5)
FN:77,(anonymous_6)
FN:82,(anonymous_7)
FN:83,(anonymous_8)
FN:84,(anonymous_9)
FN:90,(anonymous_10)
FN:100,(anonymous_11)
FN:104,(anonymous_12)
FN:121,(anonymous_13)
FN:122,(anonymous_14)
FN:126,(anonymous_15)
FN:137,(anonymous_16)
FN:148,(anonymous_17)
FN:166,(anonymous_18)
FN:168,(anonymous_19)
FN:175,(anonymous_20)
FN:180,(anonymous_21)
FN:182,(anonymous_22)
FN:190,(anonymous_23)
FNF:24
FNH:19
FNDA:49,(anonymous_0)
FNDA:124,(anonymous_1)
FNDA:6,(anonymous_2)
FNDA:6,(anonymous_3)
FNDA:6,(anonymous_4)
FNDA:10,(anonymous_5)
FNDA:14,(anonymous_6)
FNDA:0,(anonymous_7)
FNDA:0,(anonymous_8)
FNDA:0,(anonymous_9)
FNDA:1,(anonymous_10)
FNDA:3,(anonymous_11)
FNDA:8,(anonymous_12)
FNDA:0,(anonymous_13)
FNDA:0,(anonymous_14)
FNDA:1,(anonymous_15)
FNDA:1,(anonymous_16)
FNDA:5,(anonymous_17)
FNDA:6,(anonymous_18)
FNDA:3,(anonymous_19)
FNDA:5,(anonymous_20)
FNDA:3,(anonymous_21)
FNDA:12,(anonymous_22)
FNDA:2,(anonymous_23)
DA:10,6
DA:11,49
DA:16,124
DA:17,124
DA:22,0
DA:23,0
DA:28,124
DA:33,6
DA:34,6
DA:35,6
DA:37,6
DA:40,6
DA:59,6
DA:60,6
DA:64,6
DA:65,10
DA:67,6
DA:69,2
DA:71,2
DA:78,14
DA:79,14
DA:80,14
DA:82,14
DA:83,14
DA:84,14
DA:86,14
DA:90,14
DA:91,1
DA:92,1
DA:95,1
DA:96,1
DA:101,3
DA:102,3
DA:103,3
DA:104,2
DA:105,8
DA:107,2
DA:108,2
DA:109,2
DA:110,2
DA:112,1
DA:114,1
DA:117,1
DA:118,1
DA:120,3
DA:121,3
DA:122,3
DA:126,14
DA:127,1
DA:132,1
DA:133,1
DA:137,14
DA:138,1
DA:143,1
DA:144,1
DA:149,5
DA:150,5
DA:152,5
DA:153,5
DA:154,5
DA:156,5
DA:159,0
DA:160,0
DA:162,0
DA:166,5
DA:168,6
DA:171,5
DA:175,14
DA:176,5
DA:177,5
DA:181,3
DA:182,12
DA:188,3
DA:191,2
LF:74
LH:69
BRDA:11,0,0,31
BRDA:11,0,1,18
BRDA:11,1,0,49
BRDA:11,1,1,31
BRDA:16,2,0,124
BRDA:16,2,1,0
BRDA:24,3,0,0
BRDA:24,3,1,0
BRDA:35,4,0,0
BRDA:35,4,1,6
BRDA:37,5,0,0
BRDA:37,5,1,6
BRDA:60,6,0,5
BRDA:60,6,1,1
BRDA:60,7,0,6
BRDA:60,7,1,6
BRDA:65,8,0,6
BRDA:65,8,1,2
BRDA:65,8,2,2
BRDA:96,9,0,0
BRDA:96,9,1,1
BRDA:101,10,0,2
BRDA:101,10,1,1
BRDA:101,11,0,3
BRDA:101,11,1,3
BRDA:102,12,0,2
BRDA:102,12,1,1
BRDA:102,13,0,3
BRDA:102,13,1,1
BRDA:103,14,0,2
BRDA:103,14,1,1
BRDA:149,15,0,5
BRDA:149,15,1,0
BRDA:149,16,0,5
BRDA:149,16,1,2
BRDA:150,17,0,5
BRDA:150,17,1,0
BRDA:150,18,0,5
BRDA:150,18,1,2
BRDA:152,19,0,5
BRDA:152,19,1,0
BRDA:176,20,0,5
BRDA:176,20,1,0
BRF:43
BRH:33
end_of_record
TN:
SF:src\containers\Login.js
FN:7,(anonymous_0)
FN:18,(anonymous_1)
FN:29,(anonymous_2)
FN:31,(anonymous_3)
FN:40,(anonymous_4)
FN:53,(anonymous_5)
FN:55,(anonymous_6)
FN:64,(anonymous_7)
FN:70,(anonymous_8)
FN:79,(anonymous_9)
FN:89,(anonymous_10)
FNF:11
FNH:5
FNDA:5,(anonymous_0)
FNDA:2,(anonymous_1)
FNDA:0,(anonymous_2)
FNDA:2,(anonymous_3)
FNDA:2,(anonymous_4)
FNDA:0,(anonymous_5)
FNDA:2,(anonymous_6)
FNDA:0,(anonymous_7)
FNDA:0,(anonymous_8)
FNDA:0,(anonymous_9)
FNDA:0,(anonymous_10)
DA:3,4
DA:8,5
DA:9,5
DA:10,5
DA:11,5
DA:12,5
DA:13,5
DA:14,5
DA:15,5
DA:16,5
DA:18,5
DA:19,2
DA:20,2
DA:26,2
DA:27,2
DA:29,0
DA:32,2
DA:33,2
DA:34,2
DA:35,2
DA:40,5
DA:41,2
DA:42,2
DA:50,2
DA:51,2
DA:53,0
DA:56,2
DA:57,2
DA:58,2
DA:59,2
DA:64,5
DA:65,0
DA:66,0
DA:71,0
DA:74,0
DA:79,5
DA:80,0
DA:81,0
DA:90,0
DA:91,0
DA:94,0
LF:41
LH:30
BRDA:65,0,0,0
BRDA:65,0,1,0
BRDA:80,1,0,0
BRDA:80,1,1,0
BRF:4
BRH:0
end_of_record
TN:
SF:src\containers\Logout.js
FN:4,(anonymous_0)
FN:11,(anonymous_1)
FNF:2
FNH:2
FNDA:29,(anonymous_0)
FNDA:2,(anonymous_1)
DA:5,29
DA:6,29
DA:7,29
DA:8,29
DA:11,29
DA:12,2
DA:13,2
LF:7
LH:7
BRF:0
BRH:0
end_of_record
TN:
SF:src\containers\NewBill.js
FN:5,(anonymous_0)
FN:19,(anonymous_1)
FN:50,(anonymous_2)
FN:55,(anonymous_3)
FN:63,(anonymous_4)
FN:86,(anonymous_5)
FN:91,(anonymous_6)
FN:94,(anonymous_7)
FNF:8
FNH:6
FNDA:3,(anonymous_0)
FNDA:7,(anonymous_1)
FNDA:4,(anonymous_2)
FNDA:0,(anonymous_3)
FNDA:2,(anonymous_4)
FNDA:2,(anonymous_5)
FNDA:2,(anonymous_6)
FNDA:0,(anonymous_7)
DA:6,3
DA:7,3
DA:8,3
DA:9,3
DA:10,3
DA:11,3
DA:12,3
DA:13,3
DA:14,3
DA:15,3
DA:16,3
DA:19,3
DA:20,7
DA:22,7
DA:23,7
DA:24,7
DA:25,7
DA:27,7
DA:29,7
DA:30,7
DA:33,7
DA:35,4
DA:36,1
DA:39,4
DA:40,4
DA:42,4
DA:51,4
DA:52,4
DA:53,4
DA:54,4
DA:55,0
DA:58,3
DA:59,3
DA:60,3
DA:63,3
DA:64,2
DA:65,2
DA:66,2
DA:68,2
DA:81,2
DA:82,2
DA:86,3
DA:87,2
DA:88,2
DA:92,2
DA:94,0
LF:46
LH:44
BRDA:33,0,0,4
BRDA:33,0,1,3
BRDA:35,1,0,1
BRDA:35,1,1,3
BRDA:75,2,0,2
BRDA:75,2,1,0
BRDA:87,3,0,2
BRDA:87,3,1,0
BRF:8
BRH:6
end_of_record
TN:
SF:src\views\Actions.js
FN:4,(anonymous_0)
FNF:1
FNH:1
FNDA:26,(anonymous_0)
DA:5,26
LF:1
LH:1
BRF:0
BRH:0
end_of_record
TN:
SF:src\views\BillsUI.js
FN:7,(anonymous_0)
FN:22,(anonymous_1)
FN:23,(anonymous_2)
FN:26,(anonymous_3)
FN:28,(anonymous_4)
FNF:5
FNH:5
FNDA:24,(anonymous_0)
FNDA:9,(anonymous_1)
FNDA:24,(anonymous_2)
FNDA:18,(anonymous_3)
FNDA:9,(anonymous_4)
DA:7,6
DA:8,24
DA:22,6
DA:23,24
DA:28,18
DA:45,18
DA:46,6
DA:47,12
DA:48,3
DA:51,9
LF:10
LH:10
BRDA:23,0,0,6
BRDA:23,0,1,3
BRDA:23,1,0,9
BRDA:23,1,1,7
BRDA:45,2,0,6
BRDA:45,2,1,12
BRDA:47,3,0,3
BRDA:47,3,1,9
BRF:8
BRH:8
end_of_record
TN:
SF:src\views\DashboardFormUI.js
FN:7,(anonymous_0)
FN:24,(anonymous_1)
FNF:2
FNH:2
FNDA:9,(anonymous_0)
FNDA:9,(anonymous_1)
DA:7,9
DA:26,9
LF:2
LH:2
BRDA:79,0,0,6
BRDA:79,0,1,3
BRDA:92,1,0,6
BRDA:92,1,1,3
BRF:4
BRH:4
end_of_record
TN:
SF:src\views\DashboardUI.js
FN:8,(anonymous_0)
FNF:1
FNH:1
FNDA:21,(anonymous_0)
DA:10,21
DA:11,6
DA:12,15
DA:13,3
DA:16,12
LF:5
LH:5
BRDA:10,0,0,6
BRDA:10,0,1,15
BRDA:12,1,0,3
BRDA:12,1,1,12
BRDA:22,2,0,12
BRDA:22,2,1,7
BRDA:29,3,0,12
BRDA:29,3,1,7
BRDA:36,4,0,12
BRDA:36,4,1,7
BRF:10
BRH:10
end_of_record
TN:
SF:src\views\ErrorPage.js
FN:3,(anonymous_0)
FNF:1
FNH:1
FNDA:8,(anonymous_0)
DA:4,8
LF:1
LH:1
BRDA:12,0,0,7
BRDA:12,0,1,1
BRF:2
BRH:2
end_of_record
TN:
SF:src\views\LoadingPage.js
FN:3,(anonymous_0)
FNF:1
FNH:1
FNDA:13,(anonymous_0)
DA:5,13
LF:1
LH:1
BRF:0
BRH:0
end_of_record
TN:
SF:src\views\LoginUI.js
FN:2,(anonymous_0)
FNF:1
FNH:1
FNDA:17,(anonymous_0)
DA:4,17
LF:1
LH:1
BRF:0
BRH:0
end_of_record
TN:
SF:src\views\NewBillUI.js
FN:3,(anonymous_0)
FNF:1
FNH:1
FNDA:6,(anonymous_0)
DA:5,6
LF:1
LH:1
BRF:0
BRH:0
end_of_record
TN:
SF:src\views\VerticalLayout.js
FN:5,(anonymous_0)
FNF:1
FNH:1
FNDA:49,(anonymous_0)
DA:7,49
DA:8,49
DA:9,36
DA:11,49
DA:12,20
DA:29,29
LF:6
LH:6
BRDA:8,0,0,36
BRDA:8,0,1,13
BRDA:11,1,0,20
BRDA:11,1,1,29
BRDA:11,2,0,49
BRDA:11,2,1,36
BRF:6
BRH:6
end_of_record
