TN:
SF:src\constants\routes.js
FN:13,(anonymous_0)
FNF:1
FNH:1
FNDA:26,(anonymous_0)
DA:6,6
DA:13,6
DA:14,26
DA:16,7
DA:18,5
DA:20,1
DA:22,12
DA:24,1
LF:8
LH:8
BRDA:14,0,0,7
BRDA:14,0,1,5
BRDA:14,0,2,1
BRDA:14,0,3,12
BRDA:14,0,4,1
BRF:5
BRH:5
end_of_record
TN:
SF:src\constants\usersTest.js
FNF:0
FNH:0
LF:0
LH:0
BRF:0
BRH:0
end_of_record
TN:
SF:src\containers\Bills.js
FN:8,(anonymous_0)
FN:15,(anonymous_1)
FN:16,(anonymous_2)
FN:22,(anonymous_3)
FN:27,(anonymous_4)
FN:35,(anonymous_5)
FN:40,(anonymous_6)
FN:42,(anonymous_7)
FN:60,(anonymous_8)
FNF:9
FNH:8
FNDA:4,(anonymous_0)
FNDA:6,(anonymous_1)
FNDA:1,(anonymous_2)
FNDA:1,(anonymous_3)
FNDA:0,(anonymous_4)
FNDA:2,(anonymous_5)
FNDA:1,(anonymous_6)
FNDA:3,(anonymous_7)
FNDA:2,(anonymous_8)
DA:9,4
DA:10,4
DA:11,4
DA:12,4
DA:13,4
DA:14,4
DA:15,4
DA:16,6
DA:18,4
DA:22,4
DA:23,1
DA:27,4
DA:28,0
DA:29,0
DA:30,0
DA:31,0
DA:35,4
DA:36,2
DA:37,2
DA:41,1
DA:43,3
DA:44,3
DA:52,0
DA:53,0
DA:60,2
DA:61,1
DA:62,1
LF:27
LH:21
BRDA:13,0,0,1
BRDA:13,0,1,3
BRDA:15,1,0,4
BRDA:15,1,1,0
BRDA:36,2,0,2
BRDA:36,2,1,0
BRF:6
BRH:4
end_of_record
TN:
SF:src\containers\Dashboard.js
FN:10,(anonymous_0)
FN:12,(anonymous_1)
FN:33,(anonymous_2)
FN:59,(anonymous_3)
FN:60,(anonymous_4)
FN:64,(anonymous_5)
FN:77,(anonymous_6)
FN:82,(anonymous_7)
FN:83,(anonymous_8)
FN:84,(anonymous_9)
FN:90,(anonymous_10)
FN:98,(anonymous_11)
FN:102,(anonymous_12)
FN:119,(anonymous_13)
FN:120,(anonymous_14)
FN:124,(anonymous_15)
FN:135,(anonymous_16)
FN:169,(anonymous_17)
FN:184,(anonymous_18)
FN:186,(anonymous_19)
FN:193,(anonymous_20)
FN:198,(anonymous_21)
FN:200,(anonymous_22)
FN:208,(anonymous_23)
FNF:24
FNH:19
FNDA:44,(anonymous_0)
FNDA:104,(anonymous_1)
FNDA:6,(anonymous_2)
FNDA:6,(anonymous_3)
FNDA:6,(anonymous_4)
FNDA:5,(anonymous_5)
FNDA:14,(anonymous_6)
FNDA:0,(anonymous_7)
FNDA:0,(anonymous_8)
FNDA:0,(anonymous_9)
FNDA:1,(anonymous_10)
FNDA:3,(anonymous_11)
FNDA:8,(anonymous_12)
FNDA:0,(anonymous_13)
FNDA:0,(anonymous_14)
FNDA:1,(anonymous_15)
FNDA:1,(anonymous_16)
FNDA:5,(anonymous_17)
FNDA:20,(anonymous_18)
FNDA:3,(anonymous_19)
FNDA:5,(anonymous_20)
FNDA:3,(anonymous_21)
FNDA:12,(anonymous_22)
FNDA:2,(anonymous_23)
DA:10,6
DA:11,44
DA:16,104
DA:17,104
DA:28,104
DA:33,6
DA:34,6
DA:35,6
DA:37,6
DA:40,6
DA:59,6
DA:60,6
DA:64,6
DA:65,5
DA:67,3
DA:69,1
DA:71,1
DA:78,14
DA:79,14
DA:80,14
DA:82,14
DA:83,14
DA:84,14
DA:86,14
DA:90,14
DA:91,1
DA:92,1
DA:93,1
DA:94,1
DA:99,3
DA:100,3
DA:101,3
DA:102,2
DA:103,8
DA:105,2
DA:106,2
DA:107,2
DA:108,2
DA:110,1
DA:112,1
DA:115,1
DA:116,1
DA:118,3
DA:119,3
DA:120,3
DA:124,14
DA:125,1
DA:130,1
DA:131,1
DA:135,14
DA:136,1
DA:141,1
DA:142,1
DA:170,5
DA:172,5
DA:173,5
DA:174,5
DA:176,5
DA:178,0
DA:179,0
DA:181,0
DA:184,5
DA:185,20
DA:186,20
DA:189,5
DA:193,14
DA:194,5
DA:195,5
DA:199,3
DA:200,12
DA:206,3
DA:209,2
LF:72
LH:69
BRDA:11,0,0,26
BRDA:11,0,1,18
BRDA:11,1,0,44
BRDA:11,1,1,26
BRDA:16,2,0,104
BRDA:16,2,1,0
BRDA:35,3,0,0
BRDA:35,3,1,6
BRDA:37,4,0,0
BRDA:37,4,1,6
BRDA:60,5,0,5
BRDA:60,5,1,1
BRDA:60,6,0,6
BRDA:60,6,1,6
BRDA:65,7,0,3
BRDA:65,7,1,1
BRDA:65,7,2,1
BRDA:94,8,0,0
BRDA:94,8,1,1
BRDA:99,9,0,2
BRDA:99,9,1,1
BRDA:99,10,0,3
BRDA:99,10,1,1
BRDA:100,11,0,2
BRDA:100,11,1,1
BRDA:100,12,0,3
BRDA:100,12,1,1
BRDA:101,13,0,2
BRDA:101,13,1,1
BRDA:170,14,0,3
BRDA:170,14,1,2
BRDA:172,15,0,5
BRDA:172,15,1,0
BRDA:194,16,0,5
BRDA:194,16,1,0
BRF:35
BRH:29
end_of_record
TN:
SF:src\containers\Login.js
FN:7,(anonymous_0)
FN:18,(anonymous_1)
FN:29,(anonymous_2)
FN:31,(anonymous_3)
FN:40,(anonymous_4)
FN:53,(anonymous_5)
FN:55,(anonymous_6)
FN:64,(anonymous_7)
FN:70,(anonymous_8)
FN:79,(anonymous_9)
FN:89,(anonymous_10)
FNF:11
FNH:5
FNDA:4,(anonymous_0)
FNDA:2,(anonymous_1)
FNDA:0,(anonymous_2)
FNDA:2,(anonymous_3)
FNDA:2,(anonymous_4)
FNDA:0,(anonymous_5)
FNDA:2,(anonymous_6)
FNDA:0,(anonymous_7)
FNDA:0,(anonymous_8)
FNDA:0,(anonymous_9)
FNDA:0,(anonymous_10)
DA:3,3
DA:8,4
DA:9,4
DA:10,4
DA:11,4
DA:12,4
DA:13,4
DA:14,4
DA:15,4
DA:16,4
DA:18,4
DA:19,2
DA:20,2
DA:26,2
DA:27,2
DA:29,0
DA:32,2
DA:33,2
DA:34,2
DA:35,2
DA:40,4
DA:41,2
DA:42,2
DA:50,2
DA:51,2
DA:53,0
DA:56,2
DA:57,2
DA:58,2
DA:59,2
DA:64,4
DA:65,0
DA:66,0
DA:71,0
DA:74,0
DA:79,4
DA:80,0
DA:81,0
DA:90,0
DA:91,0
DA:94,0
LF:41
LH:30
BRDA:65,0,0,0
BRDA:65,0,1,0
BRDA:80,1,0,0
BRDA:80,1,1,0
BRF:4
BRH:0
end_of_record
TN:
SF:src\containers\Logout.js
FN:4,(anonymous_0)
FN:11,(anonymous_1)
FNF:2
FNH:2
FNDA:21,(anonymous_0)
FNDA:2,(anonymous_1)
DA:5,21
DA:6,21
DA:7,21
DA:8,21
DA:11,21
DA:12,2
DA:13,2
LF:7
LH:7
BRF:0
BRH:0
end_of_record
TN:
SF:src\containers\NewBill.js
FN:5,(anonymous_0)
FN:18,(anonymous_1)
FN:45,(anonymous_2)
FN:50,(anonymous_3)
FN:52,(anonymous_4)
FN:81,(anonymous_5)
FN:86,(anonymous_6)
FN:89,(anonymous_7)
FNF:8
FNH:3
FNDA:2,(anonymous_0)
FNDA:2,(anonymous_1)
FNDA:0,(anonymous_2)
FNDA:0,(anonymous_3)
FNDA:2,(anonymous_4)
FNDA:0,(anonymous_5)
FNDA:0,(anonymous_6)
FNDA:0,(anonymous_7)
DA:6,2
DA:7,2
DA:8,2
DA:9,2
DA:10,2
DA:11,2
DA:12,2
DA:13,2
DA:14,2
DA:15,2
DA:16,2
DA:18,2
DA:19,2
DA:20,2
DA:21,2
DA:22,0
DA:25,0
DA:26,0
DA:27,0
DA:28,0
DA:29,0
DA:32,0
DA:33,0
DA:34,0
DA:35,0
DA:37,0
DA:46,0
DA:47,0
DA:48,0
DA:49,0
DA:50,0
DA:52,2
DA:53,2
DA:54,2
DA:55,2
DA:58,0
DA:59,0
DA:60,0
DA:63,0
DA:76,0
DA:77,0
DA:81,2
DA:82,0
DA:83,0
DA:87,0
DA:89,0
LF:46
LH:20
BRDA:25,0,0,0
BRDA:25,0,1,0
BRDA:25,1,0,0
BRDA:25,1,1,0
BRDA:25,1,2,0
BRDA:58,2,0,0
BRDA:58,2,1,0
BRDA:58,3,0,0
BRDA:58,3,1,0
BRDA:58,3,2,0
BRDA:58,3,3,0
BRDA:70,4,0,0
BRDA:70,4,1,0
BRDA:82,5,0,0
BRDA:82,5,1,0
BRF:15
BRH:0
end_of_record
TN:
SF:src\views\Actions.js
FN:4,(anonymous_0)
FNF:1
FNH:1
FNDA:6,(anonymous_0)
DA:5,6
LF:1
LH:1
BRF:0
BRH:0
end_of_record
TN:
SF:src\views\BillsUI.js
FN:7,(anonymous_0)
FN:22,(anonymous_1)
FN:23,(anonymous_2)
FN:26,(anonymous_3)
FN:28,(anonymous_4)
FNF:5
FNH:5
FNDA:4,(anonymous_0)
FNDA:4,(anonymous_1)
FNDA:4,(anonymous_2)
FNDA:6,(anonymous_3)
FNDA:4,(anonymous_4)
DA:7,6
DA:8,4
DA:22,6
DA:23,4
DA:28,6
DA:45,6
DA:46,1
DA:47,5
DA:48,1
DA:51,4
LF:10
LH:10
BRDA:23,0,0,1
BRDA:23,0,1,3
BRDA:23,1,0,4
BRDA:23,1,1,2
BRDA:45,2,0,1
BRDA:45,2,1,5
BRDA:47,3,0,1
BRDA:47,3,1,4
BRF:8
BRH:8
end_of_record
TN:
SF:src\views\DashboardFormUI.js
FN:7,(anonymous_0)
FN:24,(anonymous_1)
FNF:2
FNH:2
FNDA:9,(anonymous_0)
FNDA:9,(anonymous_1)
DA:7,9
DA:26,9
LF:2
LH:2
BRDA:79,0,0,6
BRDA:79,0,1,3
BRDA:92,1,0,6
BRDA:92,1,1,3
BRF:4
BRH:4
end_of_record
TN:
SF:src\views\DashboardUI.js
FN:8,(anonymous_0)
FNF:1
FNH:1
FNDA:21,(anonymous_0)
DA:10,21
DA:11,6
DA:12,15
DA:13,3
DA:16,12
LF:5
LH:5
BRDA:10,0,0,6
BRDA:10,0,1,15
BRDA:12,1,0,3
BRDA:12,1,1,12
BRDA:22,2,0,12
BRDA:22,2,1,7
BRDA:29,3,0,12
BRDA:29,3,1,7
BRDA:36,4,0,12
BRDA:36,4,1,7
BRF:10
BRH:10
end_of_record
TN:
SF:src\views\ErrorPage.js
FN:3,(anonymous_0)
FNF:1
FNH:1
FNDA:6,(anonymous_0)
DA:4,6
LF:1
LH:1
BRDA:12,0,0,5
BRDA:12,0,1,1
BRF:2
BRH:2
end_of_record
TN:
SF:src\views\LoadingPage.js
FN:3,(anonymous_0)
FNF:1
FNH:1
FNDA:8,(anonymous_0)
DA:5,8
LF:1
LH:1
BRF:0
BRH:0
end_of_record
TN:
SF:src\views\LoginUI.js
FN:2,(anonymous_0)
FNF:1
FNH:1
FNDA:14,(anonymous_0)
DA:4,14
LF:1
LH:1
BRF:0
BRH:0
end_of_record
TN:
SF:src\views\NewBillUI.js
FN:3,(anonymous_0)
FNF:1
FNH:1
FNDA:3,(anonymous_0)
DA:5,3
LF:1
LH:1
BRF:0
BRH:0
end_of_record
TN:
SF:src\views\VerticalLayout.js
FN:5,(anonymous_0)
FNF:1
FNH:1
FNDA:34,(anonymous_0)
DA:7,34
DA:8,34
DA:9,20
DA:11,34
DA:12,4
DA:29,30
LF:6
LH:6
BRDA:8,0,0,20
BRDA:8,0,1,14
BRDA:11,1,0,4
BRDA:11,1,1,30
BRDA:11,2,0,34
BRDA:11,2,1,20
BRF:6
BRH:6
end_of_record
